0 verbose cli /home/gevalinho/.nvm/versions/node/v21.7.1/bin/node /home/gevalinho/.nvm/versions/node/v21.7.1/bin/npm
1 info using npm@10.9.2
2 info using node@v21.7.1
3 silly config load:file:/home/gevalinho/.nvm/versions/node/v21.7.1/lib/node_modules/npm/npmrc
4 silly config load:file:/home/gevalinho/gevalinho/heartland_alliance_project/.npmrc
5 silly config load:file:/home/gevalinho/.npmrc
6 silly config load:file:/home/gevalinho/.nvm/versions/node/v21.7.1/etc/npmrc
7 verbose title npm install @prisma/client
8 verbose argv "install" "@prisma/client"
9 verbose logfile logs-max:10 dir:/home/gevalinho/gevalinho/heartland_alliance_project/C:UsersgevalAppDataRoamingnpm-cache/_logs/2024-12-10T19_28_56_572Z-
10 verbose logfile /home/gevalinho/gevalinho/heartland_alliance_project/C:UsersgevalAppDataRoamingnpm-cache/_logs/2024-12-10T19_28_56_572Z-debug-0.log
11 silly logfile start cleaning logs, removing 1 files
12 silly packumentCache heap:2197815296 maxSize:549453824 maxEntrySize:274726912
13 silly logfile done cleaning log files
14 silly idealTree buildDeps
15 silly fetch manifest @prisma/client@^5.11.0
16 silly packumentCache full:https://registry.npmjs.org/@prisma%2fclient cache-miss
17 http fetch GET 200 https://registry.npmjs.org/@prisma%2fclient 2142ms (cache revalidated)
18 silly packumentCache full:https://registry.npmjs.org/@prisma%2fclient set size:53609613 disposed:false
19 silly placeDep ROOT @prisma/client@5.22.0 REPLACE for: hiv-medication-monitoring@0.1.0 want: ^5.11.0
20 silly reify mark retired [
20 silly reify   '/home/gevalinho/gevalinho/heartland_alliance_project/node_modules/shadcn-ui',
20 silly reify   '/home/gevalinho/gevalinho/heartland_alliance_project/node_modules/.bin/shadcn-ui'
20 silly reify ]
21 silly reify moves {
21 silly reify   '/home/gevalinho/gevalinho/heartland_alliance_project/node_modules/shadcn-ui': '/home/gevalinho/gevalinho/heartland_alliance_project/node_modules/.shadcn-ui-QGShHFyM',
21 silly reify   '/home/gevalinho/gevalinho/heartland_alliance_project/node_modules/.bin/shadcn-ui': '/home/gevalinho/gevalinho/heartland_alliance_project/node_modules/.bin/.shadcn-ui-3FjVqNMs'
21 silly reify }
22 silly audit bulk request {
22 silly audit   '@alloc/quick-lru': [ '5.2.0' ],
22 silly audit   '@ampproject/remapping': [ '2.3.0' ],
22 silly audit   '@antfu/ni': [ '0.21.12' ],
22 silly audit   '@babel/code-frame': [ '7.26.2' ],
22 silly audit   '@babel/compat-data': [ '7.26.3' ],
22 silly audit   '@babel/core': [ '7.26.0' ],
22 silly audit   json5: [ '2.2.3', '1.0.2' ],
22 silly audit   semver: [ '6.3.1', '7.6.3' ],
22 silly audit   '@babel/generator': [ '7.26.3' ],
22 silly audit   '@babel/helper-annotate-as-pure': [ '7.25.9' ],
22 silly audit   '@babel/helper-compilation-targets': [ '7.25.9' ],
22 silly audit   'lru-cache': [ '5.1.1', '10.4.3', '6.0.0' ],
22 silly audit   '@babel/helper-create-class-features-plugin': [ '7.25.9' ],
22 silly audit   '@babel/helper-member-expression-to-functions': [ '7.25.9' ],
22 silly audit   '@babel/helper-module-imports': [ '7.25.9' ],
22 silly audit   '@babel/helper-module-transforms': [ '7.26.0' ],
22 silly audit   '@babel/helper-optimise-call-expression': [ '7.25.9' ],
22 silly audit   '@babel/helper-plugin-utils': [ '7.25.9' ],
22 silly audit   '@babel/helper-replace-supers': [ '7.25.9' ],
22 silly audit   '@babel/helper-skip-transparent-expression-wrappers': [ '7.25.9' ],
22 silly audit   '@babel/helper-string-parser': [ '7.25.9' ],
22 silly audit   '@babel/helper-validator-identifier': [ '7.25.9' ],
22 silly audit   '@babel/helper-validator-option': [ '7.25.9' ],
22 silly audit   '@babel/helpers': [ '7.26.0' ],
22 silly audit   '@babel/parser': [ '7.26.3' ],
22 silly audit   '@babel/plugin-syntax-typescript': [ '7.25.9' ],
22 silly audit   '@babel/plugin-transform-typescript': [ '7.26.3' ],
22 silly audit   '@babel/runtime': [ '7.25.7' ],
22 silly audit   '@babel/template': [ '7.25.9' ],
22 silly audit   '@babel/traverse': [ '7.26.4' ],
22 silly audit   globals: [ '11.12.0', '13.24.0' ],
22 silly audit   '@babel/types': [ '7.26.3' ],
22 silly audit   '@emnapi/runtime': [ '1.3.1' ],
22 silly audit   '@eslint-community/eslint-utils': [ '4.4.0' ],
22 silly audit   '@eslint-community/regexpp': [ '4.11.1' ],
22 silly audit   '@eslint/eslintrc': [ '2.1.4' ],
22 silly audit   '@eslint/js': [ '8.49.0' ],
22 silly audit   '@floating-ui/core': [ '1.6.8' ],
22 silly audit   '@floating-ui/dom': [ '1.6.11' ],
22 silly audit   '@floating-ui/react-dom': [ '2.1.2' ],
22 silly audit   '@floating-ui/utils': [ '0.2.8' ],
22 silly audit   '@hookform/resolvers': [ '3.9.0' ],
22 silly audit   '@humanwhocodes/config-array': [ '0.11.14' ],
22 silly audit   '@humanwhocodes/module-importer': [ '1.0.1' ],
22 silly audit   '@humanwhocodes/object-schema': [ '2.0.3' ],
22 silly audit   '@img/sharp-darwin-arm64': [ '0.33.5' ],
22 silly audit   '@img/sharp-darwin-x64': [ '0.33.5' ],
22 silly audit   '@img/sharp-libvips-darwin-arm64': [ '1.0.4' ],
22 silly audit   '@img/sharp-libvips-darwin-x64': [ '1.0.4' ],
22 silly audit   '@img/sharp-libvips-linux-arm': [ '1.0.5' ],
22 silly audit   '@img/sharp-libvips-linux-arm64': [ '1.0.4' ],
22 silly audit   '@img/sharp-libvips-linux-s390x': [ '1.0.4' ],
22 silly audit   '@img/sharp-libvips-linux-x64': [ '1.0.4' ],
22 silly audit   '@img/sharp-libvips-linuxmusl-arm64': [ '1.0.4' ],
22 silly audit   '@img/sharp-libvips-linuxmusl-x64': [ '1.0.4' ],
22 silly audit   '@img/sharp-linux-arm': [ '0.33.5' ],
22 silly audit   '@img/sharp-linux-arm64': [ '0.33.5' ],
22 silly audit   '@img/sharp-linux-s390x': [ '0.33.5' ],
22 silly audit   '@img/sharp-linux-x64': [ '0.33.5' ],
22 silly audit   '@img/sharp-linuxmusl-arm64': [ '0.33.5' ],
22 silly audit   '@img/sharp-linuxmusl-x64': [ '0.33.5' ],
22 silly audit   '@img/sharp-wasm32': [ '0.33.5' ],
22 silly audit   '@img/sharp-win32-ia32': [ '0.33.5' ],
22 silly audit   '@img/sharp-win32-x64': [ '0.33.5' ],
22 silly audit   '@isaacs/cliui': [ '8.0.2' ],
22 silly audit   'ansi-regex': [ '6.1.0', '5.0.1' ],
22 silly audit   'strip-ansi': [ '7.1.0', '6.0.1' ],
22 silly audit   '@jridgewell/gen-mapping': [ '0.3.5' ],
22 silly audit   '@jridgewell/resolve-uri': [ '3.1.2' ],
22 silly audit   '@jridgewell/set-array': [ '1.2.1' ],
22 silly audit   '@jridgewell/sourcemap-codec': [ '1.5.0' ],
22 silly audit   '@jridgewell/trace-mapping': [ '0.3.25' ],
22 silly audit   '@next/env': [ '15.0.4' ],
22 silly audit   '@next/eslint-plugin-next': [ '13.5.1' ],
22 silly audit   '@next/swc-darwin-arm64': [ '15.0.4' ],
22 silly audit   '@next/swc-darwin-x64': [ '15.0.4' ],
22 silly audit   '@next/swc-linux-arm64-gnu': [ '15.0.4' ],
22 silly audit   '@next/swc-linux-arm64-musl': [ '15.0.4' ],
22 silly audit   '@next/swc-linux-x64-gnu': [ '15.0.4' ],
22 silly audit   '@next/swc-linux-x64-musl': [ '15.0.4' ],
22 silly audit   '@next/swc-wasm-nodejs': [ '13.5.1' ],
22 silly audit   '@next/swc-win32-arm64-msvc': [ '15.0.4' ],
22 silly audit   '@next/swc-win32-x64-msvc': [ '15.0.4' ],
22 silly audit   '@nodelib/fs.scandir': [ '2.1.5' ],
22 silly audit   '@nodelib/fs.stat': [ '2.0.5' ],
22 silly audit   '@nodelib/fs.walk': [ '1.2.8' ],
22 silly audit   '@nolyfill/is-core-module': [ '1.0.39' ],
22 silly audit   '@panva/hkdf': [ '1.2.1' ],
22 silly audit   '@pkgjs/parseargs': [ '0.11.0' ],
22 silly audit   '@prisma/debug': [ '5.22.0' ],
22 silly audit   '@prisma/engines': [ '5.22.0' ],
22 silly audit   '@prisma/engines-version': [ '5.22.0-44.605197351a3c8bdd595af2d2a9bc3025bca48ea2' ],
22 silly audit   '@prisma/fetch-engine': [ '5.22.0' ],
22 silly audit   '@prisma/get-platform': [ '5.22.0' ],
22 silly audit   '@radix-ui/number': [ '1.1.0' ],
22 silly audit   '@radix-ui/primitive': [ '1.1.0', '1.0.1' ],
22 silly audit   '@radix-ui/react-accordion': [ '1.2.1' ],
22 silly audit   '@radix-ui/react-alert-dialog': [ '1.1.2' ],
22 silly audit   '@radix-ui/react-arrow': [ '1.1.0' ],
22 silly audit   '@radix-ui/react-aspect-ratio': [ '1.1.0' ],
22 silly audit   '@radix-ui/react-avatar': [ '1.1.1' ],
22 silly audit   '@radix-ui/react-checkbox': [ '1.1.2' ],
22 silly audit   '@radix-ui/react-collapsible': [ '1.1.1' ],
22 silly audit   '@radix-ui/react-collection': [ '1.1.0' ],
22 silly audit   '@radix-ui/react-context': [ '1.1.0', '1.1.1', '1.0.1' ],
22 silly audit   '@radix-ui/react-compose-refs': [ '1.1.0', '1.0.1' ],
22 silly audit   '@radix-ui/react-context-menu': [ '2.2.2' ],
22 silly audit   '@radix-ui/react-dialog': [ '1.1.2', '1.0.5' ],
22 silly audit   '@radix-ui/react-direction': [ '1.1.0' ],
22 silly audit   '@radix-ui/react-dismissable-layer': [ '1.1.1', '1.0.5' ],
22 silly audit   '@radix-ui/react-dropdown-menu': [ '2.1.2' ],
22 silly audit   '@radix-ui/react-focus-guards': [ '1.1.1', '1.0.1' ],
22 silly audit   '@radix-ui/react-focus-scope': [ '1.1.0', '1.0.4' ],
22 silly audit   '@radix-ui/react-hover-card': [ '1.1.2' ],
22 silly audit   '@radix-ui/react-id': [ '1.1.0', '1.0.1' ],
22 silly audit   '@radix-ui/react-label': [ '2.1.0' ],
22 silly audit   '@radix-ui/react-menu': [ '2.1.2' ],
22 silly audit   '@radix-ui/react-menubar': [ '1.1.2' ],
22 silly audit   '@radix-ui/react-navigation-menu': [ '1.2.1' ],
22 silly audit   '@radix-ui/react-popover': [ '1.1.2' ],
22 silly audit   '@radix-ui/react-popper': [ '1.2.0' ],
22 silly audit   '@radix-ui/react-portal': [ '1.1.2', '1.0.4' ],
22 silly audit   '@radix-ui/react-presence': [ '1.1.1', '1.0.1' ],
22 silly audit   '@radix-ui/react-primitive': [ '2.0.0', '1.0.3' ],
22 silly audit   '@radix-ui/react-progress': [ '1.1.0' ],
22 silly audit   '@radix-ui/react-radio-group': [ '1.2.1' ],
22 silly audit   '@radix-ui/react-roving-focus': [ '1.1.0' ],
22 silly audit   '@radix-ui/react-scroll-area': [ '1.2.0' ],
22 silly audit   '@radix-ui/react-select': [ '2.1.2' ],
22 silly audit   '@radix-ui/react-separator': [ '1.1.0' ],
22 silly audit   '@radix-ui/react-slider': [ '1.2.1' ],
22 silly audit   '@radix-ui/react-slot': [ '1.1.0', '1.0.2' ],
22 silly audit   '@radix-ui/react-switch': [ '1.1.1' ],
22 silly audit   '@radix-ui/react-tabs': [ '1.1.1' ],
22 silly audit   '@radix-ui/react-toast': [ '1.2.2' ],
22 silly audit   '@radix-ui/react-toggle': [ '1.1.0' ],
22 silly audit   '@radix-ui/react-toggle-group': [ '1.1.0' ],
22 silly audit   '@radix-ui/react-tooltip': [ '1.1.3' ],
22 silly audit   '@radix-ui/react-use-callback-ref': [ '1.1.0', '1.0.1' ],
22 silly audit   '@radix-ui/react-use-controllable-state': [ '1.1.0', '1.0.1' ],
22 silly audit   '@radix-ui/react-use-escape-keydown': [ '1.1.0', '1.0.3' ],
22 silly audit   '@radix-ui/react-use-layout-effect': [ '1.1.0', '1.0.1' ],
22 silly audit   '@radix-ui/react-use-previous': [ '1.1.0' ],
22 silly audit   '@radix-ui/react-use-rect': [ '1.1.0' ],
22 silly audit   '@radix-ui/react-use-size': [ '1.1.0' ],
22 silly audit   '@radix-ui/react-visually-hidden': [ '1.1.0' ],
22 silly audit   '@radix-ui/rect': [ '1.1.0' ],
22 silly audit   '@rtsao/scc': [ '1.1.0' ],
22 silly audit   '@rushstack/eslint-patch': [ '1.10.4' ],
22 silly audit   '@swc/counter': [ '0.1.3' ],
22 silly audit   '@swc/helpers': [ '0.5.13' ],
22 silly audit   '@ts-morph/common': [ '0.19.0' ],
22 silly audit   'brace-expansion': [ '2.0.1', '1.1.11' ],
22 silly audit   minimatch: [ '7.4.6', '9.0.3', '3.1.2', '9.0.5' ],
22 silly audit   '@twilio/voice-errors': [ '1.7.0' ],
22 silly audit   '@twilio/voice-sdk': [ '2.12.3' ],
22 silly audit   '@types/d3-array': [ '3.2.1' ],
22 silly audit   '@types/d3-color': [ '3.1.3' ],
22 silly audit   '@types/d3-ease': [ '3.0.2' ],
22 silly audit   '@types/d3-interpolate': [ '3.0.4' ],
22 silly audit   '@types/d3-path': [ '3.1.0' ],
22 silly audit   '@types/d3-scale': [ '4.0.8' ],
22 silly audit   '@types/d3-shape': [ '3.1.6' ],
22 silly audit   '@types/d3-time': [ '3.0.3' ],
22 silly audit   '@types/d3-timer': [ '3.0.2' ],
22 silly audit   '@types/json5': [ '0.0.29' ],
22 silly audit   '@types/md5': [ '2.3.2' ],
22 silly audit   '@types/node': [ '20.6.2' ],
22 silly audit   '@types/prop-types': [ '15.7.13' ],
22 silly audit   '@types/react': [ '18.2.22' ],
22 silly audit   '@types/react-dom': [ '18.2.7' ],
22 silly audit   '@types/scheduler': [ '0.23.0' ],
22 silly audit   '@typescript-eslint/parser': [ '6.21.0' ],
22 silly audit   '@typescript-eslint/scope-manager': [ '6.21.0' ],
22 silly audit   '@typescript-eslint/types': [ '6.21.0' ],
22 silly audit   '@typescript-eslint/typescript-estree': [ '6.21.0' ],
22 silly audit   '@typescript-eslint/visitor-keys': [ '6.21.0' ],
22 silly audit   acorn: [ '8.12.1' ],
22 silly audit   'acorn-jsx': [ '5.3.2' ],
22 silly audit   'agent-base': [ '7.1.3', '6.0.2' ],
22 silly audit   ajv: [ '6.12.6' ],
22 silly audit   'ansi-styles': [ '4.3.0', '6.2.1' ],
22 silly audit   'any-promise': [ '1.3.0' ],
22 silly audit   anymatch: [ '3.1.3' ],
22 silly audit   arg: [ '5.0.2' ],
22 silly audit   argparse: [ '2.0.1' ],
22 silly audit   'aria-hidden': [ '1.2.4' ],
22 silly audit   'aria-query': [ '5.1.3' ],
22 silly audit   'array-buffer-byte-length': [ '1.0.1' ],
22 silly audit   'array-includes': [ '3.1.8' ],
22 silly audit   'array-union': [ '2.1.0' ],
22 silly audit   'array.prototype.findlast': [ '1.2.5' ],
22 silly audit   'array.prototype.findlastindex': [ '1.2.5' ],
22 silly audit   'array.prototype.flat': [ '1.3.2' ],
22 silly audit   'array.prototype.flatmap': [ '1.3.2' ],
22 silly audit   'array.prototype.tosorted': [ '1.1.4' ],
22 silly audit   'arraybuffer.prototype.slice': [ '1.0.3' ],
22 silly audit   'ast-types': [ '0.16.1' ],
22 silly audit   'ast-types-flow': [ '0.0.8' ],
22 silly audit   asynckit: [ '0.4.0' ],
22 silly audit   autoprefixer: [ '10.4.15' ],
22 silly audit   'available-typed-arrays': [ '1.0.7' ],
22 silly audit   'axe-core': [ '4.10.0' ],
22 silly audit   axios: [ '1.7.9' ],
22 silly audit   'axobject-query': [ '4.1.0' ],
22 silly audit   'balanced-match': [ '1.0.2' ],
22 silly audit   'base64-js': [ '1.5.1' ],
22 silly audit   'binary-extensions': [ '2.3.0' ],
22 silly audit   bl: [ '5.1.0' ],
22 silly audit   braces: [ '3.0.3' ],
22 silly audit   browserslist: [ '4.24.0' ],
22 silly audit   buffer: [ '6.0.3' ],
22 silly audit   'buffer-equal-constant-time': [ '1.0.1' ],
22 silly audit   busboy: [ '1.6.0' ],
22 silly audit   'call-bind': [ '1.0.7' ],
22 silly audit   callsites: [ '3.1.0' ],
22 silly audit   'camelcase-css': [ '2.0.1' ],
22 silly audit   'caniuse-lite': [ '1.0.30001667' ],
22 silly audit   chalk: [ '4.1.2', '5.3.0', '5.2.0' ],
22 silly audit   charenc: [ '0.0.2' ],
22 silly audit   chokidar: [ '3.6.0' ],
22 silly audit   'glob-parent': [ '5.1.2', '6.0.2' ],
22 silly audit   'class-variance-authority': [ '0.7.0' ],
22 silly audit   clsx: [ '2.0.0', '2.1.1' ],
22 silly audit   'cli-cursor': [ '4.0.0' ],
22 silly audit   'cli-spinners': [ '2.9.2' ],
22 silly audit   'client-only': [ '0.0.1' ],
22 silly audit   clone: [ '1.0.4' ],
22 silly audit   cmdk: [ '1.0.0' ],
22 silly audit   'react-remove-scroll': [ '2.5.5', '2.6.0' ],
22 silly audit   'code-block-writer': [ '12.0.0' ],
22 silly audit   color: [ '4.2.3' ],
22 silly audit   'color-convert': [ '2.0.1' ],
22 silly audit   'color-name': [ '1.1.4' ],
22 silly audit   'color-string': [ '1.9.1' ],
22 silly audit   'combined-stream': [ '1.0.8' ],
22 silly audit   commander: [ '4.1.1', '10.0.1' ],
22 silly audit   'concat-map': [ '0.0.1' ],
22 silly audit   'convert-source-map': [ '2.0.0' ],
22 silly audit   cookie: [ '0.7.2' ],
22 silly audit   cosmiconfig: [ '8.3.6' ],
22 silly audit   'cross-spawn': [ '7.0.6' ],
22 silly audit   crypt: [ '0.0.2' ],
22 silly audit   cssesc: [ '3.0.0' ],
22 silly audit   csstype: [ '3.1.3' ],
22 silly audit   'd3-array': [ '3.2.4' ],
22 silly audit   'd3-color': [ '3.1.0' ],
22 silly audit   'd3-ease': [ '3.0.1' ],
22 silly audit   'd3-format': [ '3.1.0' ],
22 silly audit   'd3-interpolate': [ '3.0.1' ],
22 silly audit   'd3-path': [ '3.1.0' ],
22 silly audit   'd3-scale': [ '4.0.2' ],
22 silly audit   'd3-shape': [ '3.2.0' ],
22 silly audit   'd3-time': [ '3.1.0' ],
22 silly audit   'd3-time-format': [ '4.1.0' ],
22 silly audit   'd3-timer': [ '3.0.1' ],
22 silly audit   'damerau-levenshtein': [ '1.0.8' ],
22 silly audit   'data-uri-to-buffer': [ '4.0.1' ],
22 silly audit   'data-view-buffer': [ '1.0.1' ],
22 silly audit   'data-view-byte-length': [ '1.0.1' ],
22 silly audit   'data-view-byte-offset': [ '1.0.0' ],
22 silly audit   'date-fns': [ '3.6.0' ],
22 silly audit   dayjs: [ '1.11.13' ],
22 silly audit   debug: [ '4.3.7', '3.2.7' ],
22 silly audit   'decimal.js-light': [ '2.5.1' ],
22 silly audit   'deep-equal': [ '2.2.3' ],
22 silly audit   'deep-is': [ '0.1.4' ],
22 silly audit   defaults: [ '1.0.4' ],
22 silly audit   'define-data-property': [ '1.1.4' ],
22 silly audit   'define-properties': [ '1.2.1' ],
22 silly audit   'delayed-stream': [ '1.0.0' ],
22 silly audit   'detect-libc': [ '2.0.3' ],
22 silly audit   'detect-node-es': [ '1.1.0' ],
22 silly audit   didyoumean: [ '1.2.2' ],
22 silly audit   diff: [ '5.2.0' ],
22 silly audit   'dir-glob': [ '3.0.1' ],
22 silly audit   dlv: [ '1.1.3' ],
22 silly audit   doctrine: [ '3.0.0', '2.1.0' ],
22 silly audit   'dom-helpers': [ '5.2.1' ],
22 silly audit   eastasianwidth: [ '0.2.0' ],
22 silly audit   'ecdsa-sig-formatter': [ '1.0.11' ],
22 silly audit   'electron-to-chromium': [ '1.5.34' ],
22 silly audit   'embla-carousel': [ '8.3.0' ],
22 silly audit   'embla-carousel-react': [ '8.3.0' ],
22 silly audit   'embla-carousel-reactive-utils': [ '8.3.0' ],
22 silly audit   'emoji-regex': [ '9.2.2', '8.0.0' ],
22 silly audit   'enhanced-resolve': [ '5.17.1' ],
22 silly audit   'error-ex': [ '1.3.2' ],
22 silly audit   'es-abstract': [ '1.23.3' ],
22 silly audit   'es-define-property': [ '1.0.0' ],
22 silly audit   'es-errors': [ '1.3.0' ],
22 silly audit   'es-get-iterator': [ '1.1.3' ],
22 silly audit   'es-iterator-helpers': [ '1.1.0' ],
22 silly audit   'es-object-atoms': [ '1.0.0' ],
22 silly audit   'es-set-tostringtag': [ '2.0.3' ],
22 silly audit   'es-shim-unscopables': [ '1.0.2' ],
22 silly audit   'es-to-primitive': [ '1.2.1' ],
22 silly audit   escalade: [ '3.2.0' ],
22 silly audit   'escape-string-regexp': [ '4.0.0' ],
22 silly audit   eslint: [ '8.49.0' ],
22 silly audit   'eslint-config-next': [ '13.5.1' ],
22 silly audit   'eslint-import-resolver-typescript': [ '3.6.3' ],
22 silly audit   'eslint-import-resolver-node': [ '0.3.9' ],
22 silly audit   'eslint-module-utils': [ '2.12.0' ],
22 silly audit   'eslint-plugin-import': [ '2.31.0' ],
22 silly audit   'eslint-plugin-jsx-a11y': [ '6.10.0' ],
22 silly audit   'eslint-plugin-react': [ '7.37.1' ],
22 silly audit   'eslint-plugin-react-hooks': [ '4.6.2' ],
22 silly audit   resolve: [ '2.0.0-next.5', '1.22.8' ],
22 silly audit   'eslint-scope': [ '7.2.2' ],
22 silly audit   'eslint-visitor-keys': [ '3.4.3' ],
22 silly audit   espree: [ '9.6.1' ],
22 silly audit   esprima: [ '4.0.1' ],
22 silly audit   esquery: [ '1.6.0' ],
22 silly audit   esrecurse: [ '4.3.0' ],
22 silly audit   estraverse: [ '5.3.0' ],
22 silly audit   esutils: [ '2.0.3' ],
22 silly audit   eventemitter3: [ '4.0.7' ],
22 silly audit   events: [ '3.3.0' ],
22 silly audit   execa: [ '7.2.0' ],
22 silly audit   'signal-exit': [ '3.0.7', '4.1.0' ],
22 silly audit   'fast-deep-equal': [ '3.1.3' ],
22 silly audit   'fast-equals': [ '5.0.1' ],
22 silly audit   'fast-glob': [ '3.3.2' ],
22 silly audit   'fast-json-stable-stringify': [ '2.1.0' ],
22 silly audit   'fast-levenshtein': [ '2.0.6' ],
22 silly audit   fastq: [ '1.17.1' ],
22 silly audit   'fetch-blob': [ '3.2.0' ],
22 silly audit   'file-entry-cache': [ '6.0.1' ],
22 silly audit   'fill-range': [ '7.1.1' ],
22 silly audit   'find-up': [ '5.0.0' ],
22 silly audit   'flat-cache': [ '3.2.0' ],
22 silly audit   flatted: [ '3.3.1' ],
22 silly audit   'follow-redirects': [ '1.15.9' ],
22 silly audit   'for-each': [ '0.3.3' ],
22 silly audit   'foreground-child': [ '3.3.0' ],
22 silly audit   'form-data': [ '4.0.1' ],
22 silly audit   'formdata-polyfill': [ '4.0.10' ],
22 silly audit   'fraction.js': [ '4.3.7' ],
22 silly audit   'fs-extra': [ '11.2.0' ],
22 silly audit   'fs.realpath': [ '1.0.0' ],
22 silly audit   fsevents: [ '2.3.3' ],
22 silly audit   'function-bind': [ '1.1.2' ],
22 silly audit   'function.prototype.name': [ '1.1.6' ],
22 silly audit   'functions-have-names': [ '1.2.3' ],
22 silly audit   gensync: [ '1.0.0-beta.2' ],
22 silly audit   'get-intrinsic': [ '1.2.4' ],
22 silly audit   'get-nonce': [ '1.0.1' ],
22 silly audit   'get-stream': [ '6.0.1' ],
22 silly audit   'get-symbol-description': [ '1.0.2' ],
22 silly audit   'get-tsconfig': [ '4.8.1' ],
22 silly audit   glob: [ '7.1.7', '10.4.5' ],
22 silly audit   globalthis: [ '1.0.4' ],
22 silly audit   globby: [ '11.1.0' ],
22 silly audit   gopd: [ '1.0.1' ],
22 silly audit   'graceful-fs': [ '4.2.11' ],
22 silly audit   graphemer: [ '1.4.0' ],
22 silly audit   'has-bigints': [ '1.0.2' ],
22 silly audit   'has-flag': [ '4.0.0' ],
22 silly audit   'has-property-descriptors': [ '1.0.2' ],
22 silly audit   'has-proto': [ '1.0.3' ],
22 silly audit   'has-symbols': [ '1.0.3' ],
22 silly audit   'has-tostringtag': [ '1.0.2' ],
22 silly audit   hasown: [ '2.0.2' ],
22 silly audit   'https-proxy-agent': [ '6.2.1', '5.0.1' ],
22 silly audit   'human-signals': [ '4.3.1' ],
22 silly audit   ieee754: [ '1.2.1' ],
22 silly audit   ignore: [ '5.3.2' ],
22 silly audit   'import-fresh': [ '3.3.0' ],
22 silly audit   imurmurhash: [ '0.1.4' ],
22 silly audit   inflight: [ '1.0.6' ],
22 silly audit   inherits: [ '2.0.4' ],
22 silly audit   'input-otp': [ '1.2.4' ],
22 silly audit   'internal-slot': [ '1.0.7' ],
22 silly audit   internmap: [ '2.0.3' ],
22 silly audit   invariant: [ '2.2.4' ],
22 silly audit   'is-arguments': [ '1.1.1' ],
22 silly audit   'is-array-buffer': [ '3.0.4' ],
22 silly audit   'is-arrayish': [ '0.2.1', '0.3.2' ],
22 silly audit   'is-async-function': [ '2.0.0' ],
22 silly audit   'is-bigint': [ '1.0.4' ],
22 silly audit   'is-binary-path': [ '2.1.0' ],
22 silly audit   'is-boolean-object': [ '1.1.2' ],
22 silly audit   'is-buffer': [ '1.1.6' ],
22 silly audit   'is-bun-module': [ '1.2.1' ],
22 silly audit   'is-callable': [ '1.2.7' ],
22 silly audit   'is-core-module': [ '2.15.1' ],
22 silly audit   'is-data-view': [ '1.0.1' ],
22 silly audit   'is-date-object': [ '1.0.5' ],
22 silly audit   'is-extglob': [ '2.1.1' ],
22 silly audit   'is-finalizationregistry': [ '1.0.2' ],
22 silly audit   'is-fullwidth-code-point': [ '3.0.0' ],
22 silly audit   'is-generator-function': [ '1.0.10' ],
22 silly audit   'is-glob': [ '4.0.3' ],
22 silly audit   'is-interactive': [ '2.0.0' ],
22 silly audit   'is-map': [ '2.0.3' ],
22 silly audit   'is-negative-zero': [ '2.0.3' ],
22 silly audit   'is-number': [ '7.0.0' ],
22 silly audit   'is-number-object': [ '1.0.7' ],
22 silly audit   'is-path-inside': [ '3.0.3' ],
22 silly audit   'is-regex': [ '1.1.4' ],
22 silly audit   'is-set': [ '2.0.3' ],
22 silly audit   'is-shared-array-buffer': [ '1.0.3' ],
22 silly audit   'is-stream': [ '3.0.0' ],
22 silly audit   'is-string': [ '1.0.7' ],
22 silly audit   'is-symbol': [ '1.0.4' ],
22 silly audit   'is-typed-array': [ '1.1.13' ],
22 silly audit   'is-unicode-supported': [ '1.3.0' ],
22 silly audit   'is-weakmap': [ '2.0.2' ],
22 silly audit   'is-weakref': [ '1.0.2' ],
22 silly audit   'is-weakset': [ '2.0.3' ],
22 silly audit   isarray: [ '2.0.5' ],
22 silly audit   isexe: [ '2.0.0' ],
22 silly audit   'iterator.prototype': [ '1.1.3' ],
22 silly audit   jackspeak: [ '3.4.3' ],
22 silly audit   jiti: [ '1.21.6' ],
22 silly audit   jose: [ '4.15.9' ],
22 silly audit   'js-tokens': [ '4.0.0' ],
22 silly audit   'js-yaml': [ '4.1.0' ],
22 silly audit   jsesc: [ '3.0.2' ],
22 silly audit   'json-buffer': [ '3.0.1' ],
22 silly audit   'json-parse-even-better-errors': [ '2.3.1' ],
22 silly audit   'json-schema-traverse': [ '0.4.1' ],
22 silly audit   'json-stable-stringify-without-jsonify': [ '1.0.1' ],
22 silly audit   jsonfile: [ '6.1.0' ],
22 silly audit   jsonwebtoken: [ '9.0.2' ],
22 silly audit   'jsx-ast-utils': [ '3.3.5' ],
22 silly audit   jwa: [ '1.4.1' ],
22 silly audit   jws: [ '3.2.2' ],
22 silly audit   keyv: [ '4.5.4' ],
22 silly audit   kleur: [ '3.0.3' ],
22 silly audit   'language-subtag-registry': [ '0.3.23' ],
22 silly audit   'language-tags': [ '1.0.9' ],
22 silly audit   levn: [ '0.4.1' ],
22 silly audit   lilconfig: [ '2.1.0', '3.1.2' ],
22 silly audit   'lines-and-columns': [ '1.2.4' ],
22 silly audit   'locate-path': [ '6.0.0' ],
22 silly audit   lodash: [ '4.17.21' ],
22 silly audit   'lodash.includes': [ '4.3.0' ],
22 silly audit   'lodash.isboolean': [ '3.0.3' ],
22 silly audit   'lodash.isinteger': [ '4.0.4' ],
22 silly audit   'lodash.isnumber': [ '3.0.3' ],
22 silly audit   'lodash.isplainobject': [ '4.0.6' ],
22 silly audit   'lodash.isstring': [ '4.0.1' ],
22 silly audit   'lodash.merge': [ '4.6.2' ],
22 silly audit   'lodash.once': [ '4.1.1' ],
22 silly audit   'log-symbols': [ '5.1.0' ],
22 silly audit   loglevel: [ '1.6.7' ],
22 silly audit   'loose-envify': [ '1.4.0' ],
22 silly audit   'lucide-react': [ '0.446.0' ],
22 silly audit   md5: [ '2.3.0' ],
22 silly audit   'merge-stream': [ '2.0.0' ],
22 silly audit   merge2: [ '1.4.1' ],
22 silly audit   micromatch: [ '4.0.8' ],
22 silly audit   'mime-db': [ '1.52.0' ],
22 silly audit   'mime-types': [ '2.1.35' ],
22 silly audit   'mimic-fn': [ '4.0.0', '2.1.0' ],
22 silly audit   minimist: [ '1.2.8' ],
22 silly audit   minipass: [ '7.1.2' ],
22 silly audit   mkdirp: [ '2.1.6' ],
22 silly audit   ms: [ '2.1.3' ],
22 silly audit   mz: [ '2.7.0' ],
22 silly audit   nanoid: [ '3.3.8' ],
22 silly audit   'natural-compare': [ '1.4.0' ],
22 silly audit   next: [ '15.0.4' ],
22 silly audit   'next-auth': [ '4.24.11' ],
22 silly audit   'next-themes': [ '0.3.0' ],
22 silly audit   postcss: [ '8.4.31', '8.4.49' ],
22 silly audit   'node-domexception': [ '1.0.0' ],
22 silly audit   'node-fetch': [ '3.3.2' ],
22 silly audit   'node-releases': [ '2.0.18' ],
22 silly audit   'normalize-path': [ '3.0.0' ],
22 silly audit   'normalize-range': [ '0.1.2' ],
22 silly audit   'npm-run-path': [ '5.3.0' ],
22 silly audit   'path-key': [ '4.0.0', '3.1.1' ],
22 silly audit   oauth: [ '0.9.15' ],
22 silly audit   'object-assign': [ '4.1.1' ],
22 silly audit   'object-hash': [ '3.0.0', '2.2.0' ],
22 silly audit   'object-inspect': [ '1.13.2' ],
22 silly audit   'object-is': [ '1.1.6' ],
22 silly audit   'object-keys': [ '1.1.1' ],
22 silly audit   'object.assign': [ '4.1.5' ],
22 silly audit   'object.entries': [ '1.1.8' ],
22 silly audit   'object.fromentries': [ '2.0.8' ],
22 silly audit   'object.groupby': [ '1.0.3' ],
22 silly audit   'object.values': [ '1.2.0' ],
22 silly audit   'oidc-token-hash': [ '5.0.3' ],
22 silly audit   once: [ '1.4.0' ],
22 silly audit   onetime: [ '6.0.0', '5.1.2' ],
22 silly audit   'openid-client': [ '5.7.1' ],
22 silly audit   yallist: [ '4.0.0', '3.1.1' ],
22 silly audit   optionator: [ '0.9.4' ],
22 silly audit   ora: [ '6.3.1' ],
22 silly audit   'p-limit': [ '3.1.0' ],
22 silly audit   'p-locate': [ '5.0.0' ],
22 silly audit   'package-json-from-dist': [ '1.0.1' ],
22 silly audit   'parent-module': [ '1.0.1' ],
22 silly audit   'parse-json': [ '5.2.0' ],
22 silly audit   'path-browserify': [ '1.0.1' ],
22 silly audit   'path-exists': [ '4.0.0' ],
22 silly audit   'path-is-absolute': [ '1.0.1' ],
22 silly audit   'path-parse': [ '1.0.7' ],
22 silly audit   'path-scurry': [ '1.11.1' ],
22 silly audit   'path-type': [ '4.0.0' ],
22 silly audit   picocolors: [ '1.1.1' ],
22 silly audit   picomatch: [ '2.3.1' ],
22 silly audit   pify: [ '2.3.0' ],
22 silly audit   pirates: [ '4.0.6' ],
22 silly audit   'possible-typed-array-names': [ '1.0.0' ],
22 silly audit   'postcss-import': [ '15.1.0' ],
22 silly audit   'postcss-js': [ '4.0.1' ],
22 silly audit   'postcss-load-config': [ '4.0.2' ],
22 silly audit   'postcss-nested': [ '6.2.0' ],
22 silly audit   'postcss-selector-parser': [ '6.1.2' ],
22 silly audit   'postcss-value-parser': [ '4.2.0' ],
22 silly audit   preact: [ '10.25.1' ],
22 silly audit   'preact-render-to-string': [ '5.2.6' ],
22 silly audit   'prelude-ls': [ '1.2.1' ],
22 silly audit   'pretty-format': [ '3.8.0' ],
22 silly audit   prisma: [ '5.22.0' ],
22 silly audit   prompts: [ '2.4.2' ],
22 silly audit   'prop-types': [ '15.8.1' ],
22 silly audit   'proxy-from-env': [ '1.1.0' ],
22 silly audit   punycode: [ '2.3.1' ],
22 silly audit   qs: [ '6.13.1' ],
22 silly audit   querystringify: [ '2.2.0' ],
22 silly audit   'queue-microtask': [ '1.2.3' ],
22 silly audit   react: [ '18.2.0' ],
22 silly audit   'react-dom': [ '18.2.0' ],
22 silly audit   'react-hook-form': [ '7.53.0' ],
22 silly audit   'react-is': [ '16.13.1' ],
22 silly audit   'react-remove-scroll-bar': [ '2.3.6' ],
22 silly audit   'react-smooth': [ '4.0.1' ],
22 silly audit   'react-style-singleton': [ '2.2.1' ],
22 silly audit   'react-transition-group': [ '4.4.5' ],
22 silly audit   'read-cache': [ '1.0.0' ],
22 silly audit   'readable-stream': [ '3.6.2' ],
22 silly audit   readdirp: [ '3.6.0' ],
22 silly audit   recast: [ '0.23.9' ],
22 silly audit   recharts: [ '2.12.7' ],
22 silly audit   'recharts-scale': [ '0.4.5' ],
22 silly audit   'reflect.getprototypeof': [ '1.0.6' ],
22 silly audit   'regenerator-runtime': [ '0.14.1' ],
22 silly audit   'regexp.prototype.flags': [ '1.5.3' ],
22 silly audit   'requires-port': [ '1.0.0' ],
22 silly audit   'resolve-from': [ '4.0.0' ],
22 silly audit   'resolve-pkg-maps': [ '1.0.0' ],
22 silly audit   'restore-cursor': [ '4.0.0' ],
22 silly audit   reusify: [ '1.0.4' ],
22 silly audit   rimraf: [ '3.0.2' ],
22 silly audit   'rtcpeerconnection-shim': [ '1.2.8' ],
22 silly audit   'run-parallel': [ '1.2.0' ],
22 silly audit   'safe-array-concat': [ '1.1.2' ],
22 silly audit   'safe-buffer': [ '5.2.1' ],
22 silly audit   'safe-regex-test': [ '1.0.3' ],
22 silly audit   scheduler: [ '0.23.2' ],
22 silly audit   scmp: [ '2.1.0' ],
22 silly audit   sdp: [ '2.12.0' ],
22 silly audit   'set-function-length': [ '1.2.2' ],
22 silly audit   'set-function-name': [ '2.0.2' ],
22 silly audit   'shadcn-ui': [ '0.9.4' ],
22 silly audit   'tsconfig-paths': [ '4.2.0', '3.15.0' ],
22 silly audit   sharp: [ '0.33.5' ],
22 silly audit   'shebang-command': [ '2.0.0' ],
22 silly audit   'shebang-regex': [ '3.0.0' ],
22 silly audit   'side-channel': [ '1.0.6' ],
22 silly audit   'simple-swizzle': [ '0.2.2' ],
22 silly audit   sisteransi: [ '1.0.5' ],
22 silly audit   slash: [ '3.0.0' ],
22 silly audit   sonner: [ '1.5.0' ],
22 silly audit   'source-map': [ '0.6.1' ],
22 silly audit   'source-map-js': [ '1.2.1' ],
22 silly audit   'stdin-discarder': [ '0.1.0' ],
22 silly audit   'stop-iteration-iterator': [ '1.0.0' ],
22 silly audit   streamsearch: [ '1.1.0' ],
22 silly audit   string_decoder: [ '1.3.0' ],
22 silly audit   'string-width': [ '5.1.2', '4.2.3' ],
22 silly audit   'string.prototype.includes': [ '2.0.0' ],
22 silly audit   'string.prototype.matchall': [ '4.0.11' ],
22 silly audit   'string.prototype.repeat': [ '1.0.0' ],
22 silly audit   'string.prototype.trim': [ '1.2.9' ],
22 silly audit   'string.prototype.trimend': [ '1.0.8' ],
22 silly audit   'string.prototype.trimstart': [ '1.0.8' ],
22 silly audit   'strip-bom': [ '3.0.0' ],
22 silly audit   'strip-final-newline': [ '3.0.0' ],
22 silly audit   'strip-json-comments': [ '3.1.1' ],
22 silly audit   'styled-jsx': [ '5.1.6' ],
22 silly audit   sucrase: [ '3.35.0' ],
22 silly audit   'supports-color': [ '7.2.0' ],
22 silly audit   'supports-preserve-symlinks-flag': [ '1.0.0' ],
22 silly audit   'tailwind-merge': [ '2.5.3' ],
22 silly audit   tailwindcss: [ '3.3.3' ],
22 silly audit   'tailwindcss-animate': [ '1.0.7' ],
22 silly audit   tapable: [ '2.2.1' ],
22 silly audit   'text-table': [ '0.2.0' ],
22 silly audit   thenify: [ '3.3.1' ],
22 silly audit   'thenify-all': [ '1.6.0' ],
22 silly audit   'tiny-invariant': [ '1.3.3' ],
22 silly audit   'to-regex-range': [ '5.0.1' ],
22 silly audit   'ts-api-utils': [ '1.3.0' ],
22 silly audit   'ts-interface-checker': [ '0.1.13' ],
22 silly audit   'ts-morph': [ '18.0.0' ],
22 silly audit   tslib: [ '2.7.0' ],
22 silly audit   twilio: [ '4.23.0' ],
22 silly audit   'type-check': [ '0.4.0' ],
22 silly audit   'type-fest': [ '0.20.2' ],
22 silly audit   'typed-array-buffer': [ '1.0.2' ],
22 silly audit   'typed-array-byte-length': [ '1.0.1' ],
22 silly audit   'typed-array-byte-offset': [ '1.0.2' ],
22 silly audit   'typed-array-length': [ '1.0.6' ],
22 silly audit   typescript: [ '5.2.2' ],
22 silly audit   'unbox-primitive': [ '1.0.2' ],
22 silly audit   universalify: [ '2.0.1' ],
22 silly audit   'update-browserslist-db': [ '1.1.1' ],
22 silly audit   'uri-js': [ '4.4.1' ],
22 silly audit   'url-parse': [ '1.5.10' ],
22 silly audit   'use-callback-ref': [ '1.3.2' ],
22 silly audit   'use-sidecar': [ '1.1.2' ],
22 silly audit   'util-deprecate': [ '1.0.2' ],
22 silly audit   uuid: [ '8.3.2' ],
22 silly audit   'victory-vendor': [ '36.9.2' ],
22 silly audit   wcwidth: [ '1.0.1' ],
22 silly audit   'web-streams-polyfill': [ '3.3.3' ],
22 silly audit   which: [ '2.0.2' ],
22 silly audit   'which-boxed-primitive': [ '1.0.2' ],
22 silly audit   'which-builtin-type': [ '1.1.4' ],
22 silly audit   'which-collection': [ '1.0.2' ],
22 silly audit   'which-typed-array': [ '1.1.15' ],
22 silly audit   'word-wrap': [ '1.2.5' ],
22 silly audit   'wrap-ansi': [ '8.1.0', '7.0.0' ],
22 silly audit   wrappy: [ '1.0.2' ],
22 silly audit   xmlbuilder: [ '13.0.2' ],
22 silly audit   yaml: [ '2.5.1' ],
22 silly audit   'yocto-queue': [ '0.1.0' ],
22 silly audit   zod: [ '3.23.8' ],
22 silly audit   '@prisma/client': [ '5.22.0' ]
22 silly audit }
23 verbose reify failed optional dependency /home/gevalinho/gevalinho/heartland_alliance_project/node_modules/fsevents
24 silly reify mark deleted [
24 silly reify   '/home/gevalinho/gevalinho/heartland_alliance_project/node_modules/fsevents'
24 silly reify ]
25 verbose reify failed optional dependency /home/gevalinho/gevalinho/heartland_alliance_project/node_modules/@next/swc-win32-x64-msvc
26 silly reify mark deleted [
26 silly reify   '/home/gevalinho/gevalinho/heartland_alliance_project/node_modules/@next/swc-win32-x64-msvc'
26 silly reify ]
27 verbose reify failed optional dependency /home/gevalinho/gevalinho/heartland_alliance_project/node_modules/@next/swc-win32-arm64-msvc
28 silly reify mark deleted [
28 silly reify   '/home/gevalinho/gevalinho/heartland_alliance_project/node_modules/@next/swc-win32-arm64-msvc'
28 silly reify ]
29 verbose reify failed optional dependency /home/gevalinho/gevalinho/heartland_alliance_project/node_modules/@next/swc-linux-arm64-musl
30 silly reify mark deleted [
30 silly reify   '/home/gevalinho/gevalinho/heartland_alliance_project/node_modules/@next/swc-linux-arm64-musl'
30 silly reify ]
31 verbose reify failed optional dependency /home/gevalinho/gevalinho/heartland_alliance_project/node_modules/@next/swc-linux-arm64-gnu
32 silly reify mark deleted [
32 silly reify   '/home/gevalinho/gevalinho/heartland_alliance_project/node_modules/@next/swc-linux-arm64-gnu'
32 silly reify ]
33 verbose reify failed optional dependency /home/gevalinho/gevalinho/heartland_alliance_project/node_modules/@next/swc-darwin-x64
34 silly reify mark deleted [
34 silly reify   '/home/gevalinho/gevalinho/heartland_alliance_project/node_modules/@next/swc-darwin-x64'
34 silly reify ]
35 verbose reify failed optional dependency /home/gevalinho/gevalinho/heartland_alliance_project/node_modules/@next/swc-darwin-arm64
36 silly reify mark deleted [
36 silly reify   '/home/gevalinho/gevalinho/heartland_alliance_project/node_modules/@next/swc-darwin-arm64'
36 silly reify ]
37 verbose reify failed optional dependency /home/gevalinho/gevalinho/heartland_alliance_project/node_modules/@img/sharp-win32-x64
38 silly reify mark deleted [
38 silly reify   '/home/gevalinho/gevalinho/heartland_alliance_project/node_modules/@img/sharp-win32-x64'
38 silly reify ]
39 verbose reify failed optional dependency /home/gevalinho/gevalinho/heartland_alliance_project/node_modules/@img/sharp-win32-ia32
40 silly reify mark deleted [
40 silly reify   '/home/gevalinho/gevalinho/heartland_alliance_project/node_modules/@img/sharp-win32-ia32'
40 silly reify ]
41 verbose reify failed optional dependency /home/gevalinho/gevalinho/heartland_alliance_project/node_modules/@img/sharp-wasm32
42 silly reify mark deleted [
42 silly reify   '/home/gevalinho/gevalinho/heartland_alliance_project/node_modules/@img/sharp-wasm32'
42 silly reify ]
43 verbose reify failed optional dependency /home/gevalinho/gevalinho/heartland_alliance_project/node_modules/@emnapi/runtime
44 silly reify mark deleted [
44 silly reify   '/home/gevalinho/gevalinho/heartland_alliance_project/node_modules/@emnapi/runtime'
44 silly reify ]
45 verbose reify failed optional dependency /home/gevalinho/gevalinho/heartland_alliance_project/node_modules/@img/sharp-linuxmusl-arm64
46 silly reify mark deleted [
46 silly reify   '/home/gevalinho/gevalinho/heartland_alliance_project/node_modules/@img/sharp-linuxmusl-arm64'
46 silly reify ]
47 verbose reify failed optional dependency /home/gevalinho/gevalinho/heartland_alliance_project/node_modules/@img/sharp-linux-s390x
48 silly reify mark deleted [
48 silly reify   '/home/gevalinho/gevalinho/heartland_alliance_project/node_modules/@img/sharp-linux-s390x'
48 silly reify ]
49 verbose reify failed optional dependency /home/gevalinho/gevalinho/heartland_alliance_project/node_modules/@img/sharp-linux-arm64
50 silly reify mark deleted [
50 silly reify   '/home/gevalinho/gevalinho/heartland_alliance_project/node_modules/@img/sharp-linux-arm64'
50 silly reify ]
51 verbose reify failed optional dependency /home/gevalinho/gevalinho/heartland_alliance_project/node_modules/@img/sharp-linux-arm
52 silly reify mark deleted [
52 silly reify   '/home/gevalinho/gevalinho/heartland_alliance_project/node_modules/@img/sharp-linux-arm'
52 silly reify ]
53 verbose reify failed optional dependency /home/gevalinho/gevalinho/heartland_alliance_project/node_modules/@img/sharp-libvips-linuxmusl-arm64
54 silly reify mark deleted [
54 silly reify   '/home/gevalinho/gevalinho/heartland_alliance_project/node_modules/@img/sharp-libvips-linuxmusl-arm64'
54 silly reify ]
55 verbose reify failed optional dependency /home/gevalinho/gevalinho/heartland_alliance_project/node_modules/@img/sharp-libvips-linux-s390x
56 silly reify mark deleted [
56 silly reify   '/home/gevalinho/gevalinho/heartland_alliance_project/node_modules/@img/sharp-libvips-linux-s390x'
56 silly reify ]
57 verbose reify failed optional dependency /home/gevalinho/gevalinho/heartland_alliance_project/node_modules/@img/sharp-libvips-linux-arm64
58 silly reify mark deleted [
58 silly reify   '/home/gevalinho/gevalinho/heartland_alliance_project/node_modules/@img/sharp-libvips-linux-arm64'
58 silly reify ]
59 verbose reify failed optional dependency /home/gevalinho/gevalinho/heartland_alliance_project/node_modules/@img/sharp-libvips-linux-arm
60 silly reify mark deleted [
60 silly reify   '/home/gevalinho/gevalinho/heartland_alliance_project/node_modules/@img/sharp-libvips-linux-arm'
60 silly reify ]
61 verbose reify failed optional dependency /home/gevalinho/gevalinho/heartland_alliance_project/node_modules/@img/sharp-libvips-darwin-x64
62 silly reify mark deleted [
62 silly reify   '/home/gevalinho/gevalinho/heartland_alliance_project/node_modules/@img/sharp-libvips-darwin-x64'
62 silly reify ]
63 verbose reify failed optional dependency /home/gevalinho/gevalinho/heartland_alliance_project/node_modules/@img/sharp-libvips-darwin-arm64
64 silly reify mark deleted [
64 silly reify   '/home/gevalinho/gevalinho/heartland_alliance_project/node_modules/@img/sharp-libvips-darwin-arm64'
64 silly reify ]
65 verbose reify failed optional dependency /home/gevalinho/gevalinho/heartland_alliance_project/node_modules/@img/sharp-darwin-x64
66 silly reify mark deleted [
66 silly reify   '/home/gevalinho/gevalinho/heartland_alliance_project/node_modules/@img/sharp-darwin-x64'
66 silly reify ]
67 verbose reify failed optional dependency /home/gevalinho/gevalinho/heartland_alliance_project/node_modules/@img/sharp-darwin-arm64
68 silly reify mark deleted [
68 silly reify   '/home/gevalinho/gevalinho/heartland_alliance_project/node_modules/@img/sharp-darwin-arm64'
68 silly reify ]
69 http cache @next/swc-linux-x64-musl@https://registry.npmjs.org/@next/swc-linux-x64-musl/-/swc-linux-x64-musl-15.0.4.tgz 0ms (cache hit)
70 http cache @img/sharp-linuxmusl-x64@https://registry.npmjs.org/@img/sharp-linuxmusl-x64/-/sharp-linuxmusl-x64-0.33.5.tgz 0ms (cache hit)
71 http cache @img/sharp-libvips-linuxmusl-x64@https://registry.npmjs.org/@img/sharp-libvips-linuxmusl-x64/-/sharp-libvips-linuxmusl-x64-1.0.4.tgz 0ms (cache hit)
72 http cache @emnapi/runtime@https://registry.npmjs.org/@emnapi/runtime/-/runtime-1.3.1.tgz 0ms (cache hit)
73 http cache shadcn-ui@https://registry.npmjs.org/shadcn-ui/-/shadcn-ui-0.9.4.tgz 0ms (cache hit)
74 silly tarball no local data for @next/swc-linux-x64-musl@https://registry.npmjs.org/@next/swc-linux-x64-musl/-/swc-linux-x64-musl-15.0.4.tgz. Extracting by manifest.
75 silly tarball no local data for @img/sharp-linuxmusl-x64@https://registry.npmjs.org/@img/sharp-linuxmusl-x64/-/sharp-linuxmusl-x64-0.33.5.tgz. Extracting by manifest.
76 silly tarball no local data for @img/sharp-libvips-linuxmusl-x64@https://registry.npmjs.org/@img/sharp-libvips-linuxmusl-x64/-/sharp-libvips-linuxmusl-x64-1.0.4.tgz. Extracting by manifest.
77 http fetch POST 200 https://registry.npmjs.org/-/npm/v1/security/advisories/bulk 397ms
78 silly audit report {}
79 http fetch GET 200 https://registry.npmjs.org/@img/sharp-linuxmusl-x64/-/sharp-linuxmusl-x64-0.33.5.tgz 1108ms (cache miss)
80 http fetch GET 200 https://registry.npmjs.org/@img/sharp-libvips-linuxmusl-x64/-/sharp-libvips-linuxmusl-x64-1.0.4.tgz 22336ms (cache miss)
81 http fetch GET 200 https://registry.npmjs.org/@next/swc-linux-x64-musl/-/swc-linux-x64-musl-15.0.4.tgz 174108ms (cache miss)
82 silly ADD
83 silly ADD
84 silly ADD
85 silly ADD node_modules/@next/swc-linux-x64-musl
86 silly ADD
87 silly ADD
88 silly ADD
89 silly ADD
90 silly ADD
91 silly ADD
92 silly ADD
93 silly ADD node_modules/@img/sharp-linuxmusl-x64
94 silly ADD
95 silly ADD
96 silly ADD
97 silly ADD
98 silly ADD node_modules/@img/sharp-libvips-linuxmusl-x64
99 silly ADD
100 silly ADD
101 silly ADD
102 silly ADD
103 silly ADD
104 silly ADD
105 silly ADD
106 silly ADD
107 silly ADD
108 silly CHANGE node_modules/shadcn-ui
109 verbose cwd /home/gevalinho/gevalinho/heartland_alliance_project
110 verbose os Linux 5.15.167.4-microsoft-standard-WSL2
111 verbose node v21.7.1
112 verbose npm  v10.9.2
113 verbose exit 0
114 info ok
