0 verbose cli /home/gevalinho/.nvm/versions/node/v21.7.1/bin/node /home/gevalinho/.nvm/versions/node/v21.7.1/bin/npm
1 info using npm@10.9.2
2 info using node@v21.7.1
3 silly config load:file:/home/gevalinho/.nvm/versions/node/v21.7.1/lib/node_modules/npm/npmrc
4 silly config load:file:/home/gevalinho/gevalinho/heartland_alliance_project/.npmrc
5 silly config load:file:/home/gevalinho/.npmrc
6 silly config load:file:/home/gevalinho/.nvm/versions/node/v21.7.1/etc/npmrc
7 verbose title npm audit fix
8 verbose argv "audit" "fix" "--force"
9 verbose logfile logs-max:10 dir:/home/gevalinho/gevalinho/heartland_alliance_project/C:UsersgevalAppDataRoamingnpm-cache/_logs/2024-12-10T15_19_06_257Z-
10 verbose logfile /home/gevalinho/gevalinho/heartland_alliance_project/C:UsersgevalAppDataRoamingnpm-cache/_logs/2024-12-10T15_19_06_257Z-debug-0.log
11 warn using --force Recommended protections disabled.
12 silly logfile done cleaning log files
13 silly packumentCache heap:2197815296 maxSize:549453824 maxEntrySize:274726912
14 silly audit bulk request {
14 silly audit   '@alloc/quick-lru': [ '5.2.0' ],
14 silly audit   '@ampproject/remapping': [ '2.3.0' ],
14 silly audit   '@antfu/ni': [ '0.21.12' ],
14 silly audit   '@babel/code-frame': [ '7.26.2' ],
14 silly audit   '@babel/compat-data': [ '7.26.3' ],
14 silly audit   '@babel/core': [ '7.26.0' ],
14 silly audit   json5: [ '2.2.3', '1.0.2' ],
14 silly audit   semver: [ '6.3.1', '7.6.3' ],
14 silly audit   '@babel/generator': [ '7.26.3' ],
14 silly audit   '@babel/helper-annotate-as-pure': [ '7.25.9' ],
14 silly audit   '@babel/helper-compilation-targets': [ '7.25.9' ],
14 silly audit   'lru-cache': [ '5.1.1', '10.4.3', '6.0.0' ],
14 silly audit   '@babel/helper-create-class-features-plugin': [ '7.25.9' ],
14 silly audit   '@babel/helper-member-expression-to-functions': [ '7.25.9' ],
14 silly audit   '@babel/helper-module-imports': [ '7.25.9' ],
14 silly audit   '@babel/helper-module-transforms': [ '7.26.0' ],
14 silly audit   '@babel/helper-optimise-call-expression': [ '7.25.9' ],
14 silly audit   '@babel/helper-plugin-utils': [ '7.25.9' ],
14 silly audit   '@babel/helper-replace-supers': [ '7.25.9' ],
14 silly audit   '@babel/helper-skip-transparent-expression-wrappers': [ '7.25.9' ],
14 silly audit   '@babel/helper-string-parser': [ '7.25.9' ],
14 silly audit   '@babel/helper-validator-identifier': [ '7.25.9' ],
14 silly audit   '@babel/helper-validator-option': [ '7.25.9' ],
14 silly audit   '@babel/helpers': [ '7.26.0' ],
14 silly audit   '@babel/parser': [ '7.26.3' ],
14 silly audit   '@babel/plugin-syntax-typescript': [ '7.25.9' ],
14 silly audit   '@babel/plugin-transform-typescript': [ '7.26.3' ],
14 silly audit   '@babel/runtime': [ '7.25.7' ],
14 silly audit   '@babel/template': [ '7.25.9' ],
14 silly audit   '@babel/traverse': [ '7.26.4' ],
14 silly audit   globals: [ '11.12.0', '13.24.0' ],
14 silly audit   '@babel/types': [ '7.26.3' ],
14 silly audit   '@eslint-community/eslint-utils': [ '4.4.0' ],
14 silly audit   '@eslint-community/regexpp': [ '4.11.1' ],
14 silly audit   '@eslint/eslintrc': [ '2.1.4' ],
14 silly audit   '@eslint/js': [ '8.49.0' ],
14 silly audit   '@floating-ui/core': [ '1.6.8' ],
14 silly audit   '@floating-ui/dom': [ '1.6.11' ],
14 silly audit   '@floating-ui/react-dom': [ '2.1.2' ],
14 silly audit   '@floating-ui/utils': [ '0.2.8' ],
14 silly audit   '@hookform/resolvers': [ '3.9.0' ],
14 silly audit   '@humanwhocodes/config-array': [ '0.11.14' ],
14 silly audit   '@humanwhocodes/module-importer': [ '1.0.1' ],
14 silly audit   '@humanwhocodes/object-schema': [ '2.0.3' ],
14 silly audit   '@isaacs/cliui': [ '8.0.2' ],
14 silly audit   'ansi-regex': [ '6.1.0', '5.0.1' ],
14 silly audit   'strip-ansi': [ '7.1.0', '6.0.1' ],
14 silly audit   '@jridgewell/gen-mapping': [ '0.3.5' ],
14 silly audit   '@jridgewell/resolve-uri': [ '3.1.2' ],
14 silly audit   '@jridgewell/set-array': [ '1.2.1' ],
14 silly audit   '@jridgewell/sourcemap-codec': [ '1.5.0' ],
14 silly audit   '@jridgewell/trace-mapping': [ '0.3.25' ],
14 silly audit   '@next/env': [ '13.5.1' ],
14 silly audit   '@next/eslint-plugin-next': [ '13.5.1' ],
14 silly audit   '@next/swc-darwin-arm64': [ '13.5.1' ],
14 silly audit   '@next/swc-darwin-x64': [ '13.5.1' ],
14 silly audit   '@next/swc-linux-arm64-gnu': [ '13.5.1' ],
14 silly audit   '@next/swc-linux-arm64-musl': [ '13.5.1' ],
14 silly audit   '@next/swc-linux-x64-gnu': [ '13.5.1' ],
14 silly audit   '@next/swc-linux-x64-musl': [ '13.5.1' ],
14 silly audit   '@next/swc-wasm-nodejs': [ '13.5.1' ],
14 silly audit   '@next/swc-win32-arm64-msvc': [ '13.5.1' ],
14 silly audit   '@next/swc-win32-ia32-msvc': [ '13.5.1' ],
14 silly audit   '@next/swc-win32-x64-msvc': [ '13.5.1' ],
14 silly audit   '@nodelib/fs.scandir': [ '2.1.5' ],
14 silly audit   '@nodelib/fs.stat': [ '2.0.5' ],
14 silly audit   '@nodelib/fs.walk': [ '1.2.8' ],
14 silly audit   '@nolyfill/is-core-module': [ '1.0.39' ],
14 silly audit   '@panva/hkdf': [ '1.2.1' ],
14 silly audit   '@pkgjs/parseargs': [ '0.11.0' ],
14 silly audit   '@prisma/client': [ '5.22.0' ],
14 silly audit   '@prisma/debug': [ '5.22.0' ],
14 silly audit   '@prisma/engines': [ '5.22.0' ],
14 silly audit   '@prisma/engines-version': [ '5.22.0-44.605197351a3c8bdd595af2d2a9bc3025bca48ea2' ],
14 silly audit   '@prisma/fetch-engine': [ '5.22.0' ],
14 silly audit   '@prisma/get-platform': [ '5.22.0' ],
14 silly audit   '@radix-ui/number': [ '1.1.0' ],
14 silly audit   '@radix-ui/primitive': [ '1.1.0', '1.0.1' ],
14 silly audit   '@radix-ui/react-accordion': [ '1.2.1' ],
14 silly audit   '@radix-ui/react-alert-dialog': [ '1.1.2' ],
14 silly audit   '@radix-ui/react-arrow': [ '1.1.0' ],
14 silly audit   '@radix-ui/react-aspect-ratio': [ '1.1.0' ],
14 silly audit   '@radix-ui/react-avatar': [ '1.1.1' ],
14 silly audit   '@radix-ui/react-checkbox': [ '1.1.2' ],
14 silly audit   '@radix-ui/react-collapsible': [ '1.1.1' ],
14 silly audit   '@radix-ui/react-collection': [ '1.1.0' ],
14 silly audit   '@radix-ui/react-context': [ '1.1.0', '1.1.1', '1.0.1' ],
14 silly audit   '@radix-ui/react-compose-refs': [ '1.1.0', '1.0.1' ],
14 silly audit   '@radix-ui/react-context-menu': [ '2.2.2' ],
14 silly audit   '@radix-ui/react-dialog': [ '1.1.2', '1.0.5' ],
14 silly audit   '@radix-ui/react-direction': [ '1.1.0' ],
14 silly audit   '@radix-ui/react-dismissable-layer': [ '1.1.1', '1.0.5' ],
14 silly audit   '@radix-ui/react-dropdown-menu': [ '2.1.2' ],
14 silly audit   '@radix-ui/react-focus-guards': [ '1.1.1', '1.0.1' ],
14 silly audit   '@radix-ui/react-focus-scope': [ '1.1.0', '1.0.4' ],
14 silly audit   '@radix-ui/react-hover-card': [ '1.1.2' ],
14 silly audit   '@radix-ui/react-id': [ '1.1.0', '1.0.1' ],
14 silly audit   '@radix-ui/react-label': [ '2.1.0' ],
14 silly audit   '@radix-ui/react-menu': [ '2.1.2' ],
14 silly audit   '@radix-ui/react-menubar': [ '1.1.2' ],
14 silly audit   '@radix-ui/react-navigation-menu': [ '1.2.1' ],
14 silly audit   '@radix-ui/react-popover': [ '1.1.2' ],
14 silly audit   '@radix-ui/react-popper': [ '1.2.0' ],
14 silly audit   '@radix-ui/react-portal': [ '1.1.2', '1.0.4' ],
14 silly audit   '@radix-ui/react-presence': [ '1.1.1', '1.0.1' ],
14 silly audit   '@radix-ui/react-primitive': [ '2.0.0', '1.0.3' ],
14 silly audit   '@radix-ui/react-progress': [ '1.1.0' ],
14 silly audit   '@radix-ui/react-radio-group': [ '1.2.1' ],
14 silly audit   '@radix-ui/react-roving-focus': [ '1.1.0' ],
14 silly audit   '@radix-ui/react-scroll-area': [ '1.2.0' ],
14 silly audit   '@radix-ui/react-select': [ '2.1.2' ],
14 silly audit   '@radix-ui/react-separator': [ '1.1.0' ],
14 silly audit   '@radix-ui/react-slider': [ '1.2.1' ],
14 silly audit   '@radix-ui/react-slot': [ '1.1.0', '1.0.2' ],
14 silly audit   '@radix-ui/react-switch': [ '1.1.1' ],
14 silly audit   '@radix-ui/react-tabs': [ '1.1.1' ],
14 silly audit   '@radix-ui/react-toast': [ '1.2.2' ],
14 silly audit   '@radix-ui/react-toggle': [ '1.1.0' ],
14 silly audit   '@radix-ui/react-toggle-group': [ '1.1.0' ],
14 silly audit   '@radix-ui/react-tooltip': [ '1.1.3' ],
14 silly audit   '@radix-ui/react-use-callback-ref': [ '1.1.0', '1.0.1' ],
14 silly audit   '@radix-ui/react-use-controllable-state': [ '1.1.0', '1.0.1' ],
14 silly audit   '@radix-ui/react-use-escape-keydown': [ '1.1.0', '1.0.3' ],
14 silly audit   '@radix-ui/react-use-layout-effect': [ '1.1.0', '1.0.1' ],
14 silly audit   '@radix-ui/react-use-previous': [ '1.1.0' ],
14 silly audit   '@radix-ui/react-use-rect': [ '1.1.0' ],
14 silly audit   '@radix-ui/react-use-size': [ '1.1.0' ],
14 silly audit   '@radix-ui/react-visually-hidden': [ '1.1.0' ],
14 silly audit   '@radix-ui/rect': [ '1.1.0' ],
14 silly audit   '@rtsao/scc': [ '1.1.0' ],
14 silly audit   '@rushstack/eslint-patch': [ '1.10.4' ],
14 silly audit   '@swc/helpers': [ '0.5.2' ],
14 silly audit   '@ts-morph/common': [ '0.19.0' ],
14 silly audit   'brace-expansion': [ '2.0.1', '1.1.11' ],
14 silly audit   minimatch: [ '7.4.6', '9.0.3', '3.1.2', '9.0.5' ],
14 silly audit   '@twilio/voice-errors': [ '1.7.0' ],
14 silly audit   '@twilio/voice-sdk': [ '2.12.3' ],
14 silly audit   '@types/d3-array': [ '3.2.1' ],
14 silly audit   '@types/d3-color': [ '3.1.3' ],
14 silly audit   '@types/d3-ease': [ '3.0.2' ],
14 silly audit   '@types/d3-interpolate': [ '3.0.4' ],
14 silly audit   '@types/d3-path': [ '3.1.0' ],
14 silly audit   '@types/d3-scale': [ '4.0.8' ],
14 silly audit   '@types/d3-shape': [ '3.1.6' ],
14 silly audit   '@types/d3-time': [ '3.0.3' ],
14 silly audit   '@types/d3-timer': [ '3.0.2' ],
14 silly audit   '@types/json5': [ '0.0.29' ],
14 silly audit   '@types/md5': [ '2.3.2' ],
14 silly audit   '@types/node': [ '20.6.2' ],
14 silly audit   '@types/prop-types': [ '15.7.13' ],
14 silly audit   '@types/react': [ '18.2.22' ],
14 silly audit   '@types/react-dom': [ '18.2.7' ],
14 silly audit   '@types/scheduler': [ '0.23.0' ],
14 silly audit   '@typescript-eslint/parser': [ '6.21.0' ],
14 silly audit   '@typescript-eslint/scope-manager': [ '6.21.0' ],
14 silly audit   '@typescript-eslint/types': [ '6.21.0' ],
14 silly audit   '@typescript-eslint/typescript-estree': [ '6.21.0' ],
14 silly audit   '@typescript-eslint/visitor-keys': [ '6.21.0' ],
14 silly audit   acorn: [ '8.12.1' ],
14 silly audit   'acorn-jsx': [ '5.3.2' ],
14 silly audit   'agent-base': [ '7.1.3', '6.0.2' ],
14 silly audit   ajv: [ '6.12.6' ],
14 silly audit   'ansi-styles': [ '4.3.0', '6.2.1' ],
14 silly audit   'any-promise': [ '1.3.0' ],
14 silly audit   anymatch: [ '3.1.3' ],
14 silly audit   arg: [ '5.0.2' ],
14 silly audit   argparse: [ '2.0.1' ],
14 silly audit   'aria-hidden': [ '1.2.4' ],
14 silly audit   'aria-query': [ '5.1.3' ],
14 silly audit   'array-buffer-byte-length': [ '1.0.1' ],
14 silly audit   'array-includes': [ '3.1.8' ],
14 silly audit   'array-union': [ '2.1.0' ],
14 silly audit   'array.prototype.findlast': [ '1.2.5' ],
14 silly audit   'array.prototype.findlastindex': [ '1.2.5' ],
14 silly audit   'array.prototype.flat': [ '1.3.2' ],
14 silly audit   'array.prototype.flatmap': [ '1.3.2' ],
14 silly audit   'array.prototype.tosorted': [ '1.1.4' ],
14 silly audit   'arraybuffer.prototype.slice': [ '1.0.3' ],
14 silly audit   'ast-types': [ '0.16.1' ],
14 silly audit   'ast-types-flow': [ '0.0.8' ],
14 silly audit   asynckit: [ '0.4.0' ],
14 silly audit   autoprefixer: [ '10.4.15' ],
14 silly audit   'available-typed-arrays': [ '1.0.7' ],
14 silly audit   'axe-core': [ '4.10.0' ],
14 silly audit   axios: [ '1.7.9' ],
14 silly audit   'axobject-query': [ '4.1.0' ],
14 silly audit   'balanced-match': [ '1.0.2' ],
14 silly audit   'base64-js': [ '1.5.1' ],
14 silly audit   'binary-extensions': [ '2.3.0' ],
14 silly audit   bl: [ '5.1.0' ],
14 silly audit   braces: [ '3.0.3' ],
14 silly audit   browserslist: [ '4.24.0' ],
14 silly audit   buffer: [ '6.0.3' ],
14 silly audit   'buffer-equal-constant-time': [ '1.0.1' ],
14 silly audit   busboy: [ '1.6.0' ],
14 silly audit   'call-bind': [ '1.0.7' ],
14 silly audit   callsites: [ '3.1.0' ],
14 silly audit   'camelcase-css': [ '2.0.1' ],
14 silly audit   'caniuse-lite': [ '1.0.30001667' ],
14 silly audit   chalk: [ '4.1.2', '5.3.0', '5.2.0' ],
14 silly audit   charenc: [ '0.0.2' ],
14 silly audit   chokidar: [ '3.6.0' ],
14 silly audit   'glob-parent': [ '5.1.2', '6.0.2' ],
14 silly audit   'class-variance-authority': [ '0.7.0' ],
14 silly audit   clsx: [ '2.0.0', '2.1.1' ],
14 silly audit   'cli-cursor': [ '4.0.0' ],
14 silly audit   'cli-spinners': [ '2.9.2' ],
14 silly audit   'client-only': [ '0.0.1' ],
14 silly audit   clone: [ '1.0.4' ],
14 silly audit   cmdk: [ '1.0.0' ],
14 silly audit   'react-remove-scroll': [ '2.5.5', '2.6.0' ],
14 silly audit   'code-block-writer': [ '12.0.0' ],
14 silly audit   'color-convert': [ '2.0.1' ],
14 silly audit   'color-name': [ '1.1.4' ],
14 silly audit   'combined-stream': [ '1.0.8' ],
14 silly audit   commander: [ '4.1.1', '10.0.1' ],
14 silly audit   'concat-map': [ '0.0.1' ],
14 silly audit   'convert-source-map': [ '2.0.0' ],
14 silly audit   cookie: [ '0.7.2' ],
14 silly audit   cosmiconfig: [ '8.3.6' ],
14 silly audit   'cross-spawn': [ '7.0.3' ],
14 silly audit   crypt: [ '0.0.2' ],
14 silly audit   cssesc: [ '3.0.0' ],
14 silly audit   csstype: [ '3.1.3' ],
14 silly audit   'd3-array': [ '3.2.4' ],
14 silly audit   'd3-color': [ '3.1.0' ],
14 silly audit   'd3-ease': [ '3.0.1' ],
14 silly audit   'd3-format': [ '3.1.0' ],
14 silly audit   'd3-interpolate': [ '3.0.1' ],
14 silly audit   'd3-path': [ '3.1.0' ],
14 silly audit   'd3-scale': [ '4.0.2' ],
14 silly audit   'd3-shape': [ '3.2.0' ],
14 silly audit   'd3-time': [ '3.1.0' ],
14 silly audit   'd3-time-format': [ '4.1.0' ],
14 silly audit   'd3-timer': [ '3.0.1' ],
14 silly audit   'damerau-levenshtein': [ '1.0.8' ],
14 silly audit   'data-uri-to-buffer': [ '4.0.1' ],
14 silly audit   'data-view-buffer': [ '1.0.1' ],
14 silly audit   'data-view-byte-length': [ '1.0.1' ],
14 silly audit   'data-view-byte-offset': [ '1.0.0' ],
14 silly audit   'date-fns': [ '3.6.0' ],
14 silly audit   dayjs: [ '1.11.13' ],
14 silly audit   debug: [ '4.3.7', '3.2.7' ],
14 silly audit   'decimal.js-light': [ '2.5.1' ],
14 silly audit   'deep-equal': [ '2.2.3' ],
14 silly audit   'deep-is': [ '0.1.4' ],
14 silly audit   defaults: [ '1.0.4' ],
14 silly audit   'define-data-property': [ '1.1.4' ],
14 silly audit   'define-properties': [ '1.2.1' ],
14 silly audit   'delayed-stream': [ '1.0.0' ],
14 silly audit   'detect-node-es': [ '1.1.0' ],
14 silly audit   didyoumean: [ '1.2.2' ],
14 silly audit   diff: [ '5.2.0' ],
14 silly audit   'dir-glob': [ '3.0.1' ],
14 silly audit   dlv: [ '1.1.3' ],
14 silly audit   doctrine: [ '3.0.0', '2.1.0' ],
14 silly audit   'dom-helpers': [ '5.2.1' ],
14 silly audit   eastasianwidth: [ '0.2.0' ],
14 silly audit   'ecdsa-sig-formatter': [ '1.0.11' ],
14 silly audit   'electron-to-chromium': [ '1.5.34' ],
14 silly audit   'embla-carousel': [ '8.3.0' ],
14 silly audit   'embla-carousel-react': [ '8.3.0' ],
14 silly audit   'embla-carousel-reactive-utils': [ '8.3.0' ],
14 silly audit   'emoji-regex': [ '9.2.2', '8.0.0' ],
14 silly audit   'enhanced-resolve': [ '5.17.1' ],
14 silly audit   'error-ex': [ '1.3.2' ],
14 silly audit   'es-abstract': [ '1.23.3' ],
14 silly audit   'es-define-property': [ '1.0.0' ],
14 silly audit   'es-errors': [ '1.3.0' ],
14 silly audit   'es-get-iterator': [ '1.1.3' ],
14 silly audit   'es-iterator-helpers': [ '1.1.0' ],
14 silly audit   'es-object-atoms': [ '1.0.0' ],
14 silly audit   'es-set-tostringtag': [ '2.0.3' ],
14 silly audit   'es-shim-unscopables': [ '1.0.2' ],
14 silly audit   'es-to-primitive': [ '1.2.1' ],
14 silly audit   escalade: [ '3.2.0' ],
14 silly audit   'escape-string-regexp': [ '4.0.0' ],
14 silly audit   eslint: [ '8.49.0' ],
14 silly audit   'eslint-config-next': [ '13.5.1' ],
14 silly audit   'eslint-import-resolver-typescript': [ '3.6.3' ],
14 silly audit   'eslint-import-resolver-node': [ '0.3.9' ],
14 silly audit   'eslint-module-utils': [ '2.12.0' ],
14 silly audit   'eslint-plugin-import': [ '2.31.0' ],
14 silly audit   'eslint-plugin-jsx-a11y': [ '6.10.0' ],
14 silly audit   'eslint-plugin-react': [ '7.37.1' ],
14 silly audit   'eslint-plugin-react-hooks': [ '4.6.2' ],
14 silly audit   resolve: [ '2.0.0-next.5', '1.22.8' ],
14 silly audit   'eslint-scope': [ '7.2.2' ],
14 silly audit   'eslint-visitor-keys': [ '3.4.3' ],
14 silly audit   espree: [ '9.6.1' ],
14 silly audit   esprima: [ '4.0.1' ],
14 silly audit   esquery: [ '1.6.0' ],
14 silly audit   esrecurse: [ '4.3.0' ],
14 silly audit   estraverse: [ '5.3.0' ],
14 silly audit   esutils: [ '2.0.3' ],
14 silly audit   eventemitter3: [ '4.0.7' ],
14 silly audit   events: [ '3.3.0' ],
14 silly audit   execa: [ '7.2.0' ],
14 silly audit   'signal-exit': [ '3.0.7', '4.1.0' ],
14 silly audit   'fast-deep-equal': [ '3.1.3' ],
14 silly audit   'fast-equals': [ '5.0.1' ],
14 silly audit   'fast-glob': [ '3.3.2' ],
14 silly audit   'fast-json-stable-stringify': [ '2.1.0' ],
14 silly audit   'fast-levenshtein': [ '2.0.6' ],
14 silly audit   fastq: [ '1.17.1' ],
14 silly audit   'fetch-blob': [ '3.2.0' ],
14 silly audit   'file-entry-cache': [ '6.0.1' ],
14 silly audit   'fill-range': [ '7.1.1' ],
14 silly audit   'find-up': [ '5.0.0' ],
14 silly audit   'flat-cache': [ '3.2.0' ],
14 silly audit   flatted: [ '3.3.1' ],
14 silly audit   'follow-redirects': [ '1.15.9' ],
14 silly audit   'for-each': [ '0.3.3' ],
14 silly audit   'foreground-child': [ '3.3.0' ],
14 silly audit   'form-data': [ '4.0.1' ],
14 silly audit   'formdata-polyfill': [ '4.0.10' ],
14 silly audit   'fraction.js': [ '4.3.7' ],
14 silly audit   'fs-extra': [ '11.2.0' ],
14 silly audit   'fs.realpath': [ '1.0.0' ],
14 silly audit   fsevents: [ '2.3.3' ],
14 silly audit   'function-bind': [ '1.1.2' ],
14 silly audit   'function.prototype.name': [ '1.1.6' ],
14 silly audit   'functions-have-names': [ '1.2.3' ],
14 silly audit   gensync: [ '1.0.0-beta.2' ],
14 silly audit   'get-intrinsic': [ '1.2.4' ],
14 silly audit   'get-nonce': [ '1.0.1' ],
14 silly audit   'get-stream': [ '6.0.1' ],
14 silly audit   'get-symbol-description': [ '1.0.2' ],
14 silly audit   'get-tsconfig': [ '4.8.1' ],
14 silly audit   glob: [ '7.1.7', '10.4.5' ],
14 silly audit   'glob-to-regexp': [ '0.4.1' ],
14 silly audit   globalthis: [ '1.0.4' ],
14 silly audit   globby: [ '11.1.0' ],
14 silly audit   gopd: [ '1.0.1' ],
14 silly audit   'graceful-fs': [ '4.2.11' ],
14 silly audit   graphemer: [ '1.4.0' ],
14 silly audit   'has-bigints': [ '1.0.2' ],
14 silly audit   'has-flag': [ '4.0.0' ],
14 silly audit   'has-property-descriptors': [ '1.0.2' ],
14 silly audit   'has-proto': [ '1.0.3' ],
14 silly audit   'has-symbols': [ '1.0.3' ],
14 silly audit   'has-tostringtag': [ '1.0.2' ],
14 silly audit   hasown: [ '2.0.2' ],
14 silly audit   'https-proxy-agent': [ '6.2.1', '5.0.1' ],
14 silly audit   'human-signals': [ '4.3.1' ],
14 silly audit   ieee754: [ '1.2.1' ],
14 silly audit   ignore: [ '5.3.2' ],
14 silly audit   'import-fresh': [ '3.3.0' ],
14 silly audit   imurmurhash: [ '0.1.4' ],
14 silly audit   inflight: [ '1.0.6' ],
14 silly audit   inherits: [ '2.0.4' ],
14 silly audit   'input-otp': [ '1.2.4' ],
14 silly audit   'internal-slot': [ '1.0.7' ],
14 silly audit   internmap: [ '2.0.3' ],
14 silly audit   invariant: [ '2.2.4' ],
14 silly audit   'is-arguments': [ '1.1.1' ],
14 silly audit   'is-array-buffer': [ '3.0.4' ],
14 silly audit   'is-arrayish': [ '0.2.1' ],
14 silly audit   'is-async-function': [ '2.0.0' ],
14 silly audit   'is-bigint': [ '1.0.4' ],
14 silly audit   'is-binary-path': [ '2.1.0' ],
14 silly audit   'is-boolean-object': [ '1.1.2' ],
14 silly audit   'is-buffer': [ '1.1.6' ],
14 silly audit   'is-bun-module': [ '1.2.1' ],
14 silly audit   'is-callable': [ '1.2.7' ],
14 silly audit   'is-core-module': [ '2.15.1' ],
14 silly audit   'is-data-view': [ '1.0.1' ],
14 silly audit   'is-date-object': [ '1.0.5' ],
14 silly audit   'is-extglob': [ '2.1.1' ],
14 silly audit   'is-finalizationregistry': [ '1.0.2' ],
14 silly audit   'is-fullwidth-code-point': [ '3.0.0' ],
14 silly audit   'is-generator-function': [ '1.0.10' ],
14 silly audit   'is-glob': [ '4.0.3' ],
14 silly audit   'is-interactive': [ '2.0.0' ],
14 silly audit   'is-map': [ '2.0.3' ],
14 silly audit   'is-negative-zero': [ '2.0.3' ],
14 silly audit   'is-number': [ '7.0.0' ],
14 silly audit   'is-number-object': [ '1.0.7' ],
14 silly audit   'is-path-inside': [ '3.0.3' ],
14 silly audit   'is-regex': [ '1.1.4' ],
14 silly audit   'is-set': [ '2.0.3' ],
14 silly audit   'is-shared-array-buffer': [ '1.0.3' ],
14 silly audit   'is-stream': [ '3.0.0' ],
14 silly audit   'is-string': [ '1.0.7' ],
14 silly audit   'is-symbol': [ '1.0.4' ],
14 silly audit   'is-typed-array': [ '1.1.13' ],
14 silly audit   'is-unicode-supported': [ '1.3.0' ],
14 silly audit   'is-weakmap': [ '2.0.2' ],
14 silly audit   'is-weakref': [ '1.0.2' ],
14 silly audit   'is-weakset': [ '2.0.3' ],
14 silly audit   isarray: [ '2.0.5' ],
14 silly audit   isexe: [ '2.0.0' ],
14 silly audit   'iterator.prototype': [ '1.1.3' ],
14 silly audit   jackspeak: [ '3.4.3' ],
14 silly audit   jiti: [ '1.21.6' ],
14 silly audit   jose: [ '4.15.9' ],
14 silly audit   'js-tokens': [ '4.0.0' ],
14 silly audit   'js-yaml': [ '4.1.0' ],
14 silly audit   jsesc: [ '3.0.2' ],
14 silly audit   'json-buffer': [ '3.0.1' ],
14 silly audit   'json-parse-even-better-errors': [ '2.3.1' ],
14 silly audit   'json-schema-traverse': [ '0.4.1' ],
14 silly audit   'json-stable-stringify-without-jsonify': [ '1.0.1' ],
14 silly audit   jsonfile: [ '6.1.0' ],
14 silly audit   jsonwebtoken: [ '9.0.2' ],
14 silly audit   'jsx-ast-utils': [ '3.3.5' ],
14 silly audit   jwa: [ '1.4.1' ],
14 silly audit   jws: [ '3.2.2' ],
14 silly audit   keyv: [ '4.5.4' ],
14 silly audit   kleur: [ '3.0.3' ],
14 silly audit   'language-subtag-registry': [ '0.3.23' ],
14 silly audit   'language-tags': [ '1.0.9' ],
14 silly audit   levn: [ '0.4.1' ],
14 silly audit   lilconfig: [ '2.1.0', '3.1.2' ],
14 silly audit   'lines-and-columns': [ '1.2.4' ],
14 silly audit   'locate-path': [ '6.0.0' ],
14 silly audit   lodash: [ '4.17.21' ],
14 silly audit   'lodash.includes': [ '4.3.0' ],
14 silly audit   'lodash.isboolean': [ '3.0.3' ],
14 silly audit   'lodash.isinteger': [ '4.0.4' ],
14 silly audit   'lodash.isnumber': [ '3.0.3' ],
14 silly audit   'lodash.isplainobject': [ '4.0.6' ],
14 silly audit   'lodash.isstring': [ '4.0.1' ],
14 silly audit   'lodash.merge': [ '4.6.2' ],
14 silly audit   'lodash.once': [ '4.1.1' ],
14 silly audit   'log-symbols': [ '5.1.0' ],
14 silly audit   loglevel: [ '1.6.7' ],
14 silly audit   'loose-envify': [ '1.4.0' ],
14 silly audit   'lucide-react': [ '0.446.0' ],
14 silly audit   md5: [ '2.3.0' ],
14 silly audit   'merge-stream': [ '2.0.0' ],
14 silly audit   merge2: [ '1.4.1' ],
14 silly audit   micromatch: [ '4.0.8' ],
14 silly audit   'mime-db': [ '1.52.0' ],
14 silly audit   'mime-types': [ '2.1.35' ],
14 silly audit   'mimic-fn': [ '4.0.0', '2.1.0' ],
14 silly audit   minimist: [ '1.2.8' ],
14 silly audit   minipass: [ '7.1.2' ],
14 silly audit   mkdirp: [ '2.1.6' ],
14 silly audit   ms: [ '2.1.3' ],
14 silly audit   mz: [ '2.7.0' ],
14 silly audit   nanoid: [ '3.3.7' ],
14 silly audit   'natural-compare': [ '1.4.0' ],
14 silly audit   next: [ '13.5.1' ],
14 silly audit   'next-auth': [ '4.24.11' ],
14 silly audit   'next-themes': [ '0.3.0' ],
14 silly audit   postcss: [ '8.4.14', '8.4.30' ],
14 silly audit   zod: [ '3.21.4', '3.23.8' ],
14 silly audit   'node-domexception': [ '1.0.0' ],
14 silly audit   'node-fetch': [ '3.3.2' ],
14 silly audit   'node-releases': [ '2.0.18' ],
14 silly audit   'normalize-path': [ '3.0.0' ],
14 silly audit   'normalize-range': [ '0.1.2' ],
14 silly audit   'npm-run-path': [ '5.3.0' ],
14 silly audit   'path-key': [ '4.0.0', '3.1.1' ],
14 silly audit   oauth: [ '0.9.15' ],
14 silly audit   'object-assign': [ '4.1.1' ],
14 silly audit   'object-hash': [ '3.0.0', '2.2.0' ],
14 silly audit   'object-inspect': [ '1.13.2' ],
14 silly audit   'object-is': [ '1.1.6' ],
14 silly audit   'object-keys': [ '1.1.1' ],
14 silly audit   'object.assign': [ '4.1.5' ],
14 silly audit   'object.entries': [ '1.1.8' ],
14 silly audit   'object.fromentries': [ '2.0.8' ],
14 silly audit   'object.groupby': [ '1.0.3' ],
14 silly audit   'object.values': [ '1.2.0' ],
14 silly audit   'oidc-token-hash': [ '5.0.3' ],
14 silly audit   once: [ '1.4.0' ],
14 silly audit   onetime: [ '6.0.0', '5.1.2' ],
14 silly audit   'openid-client': [ '5.7.1' ],
14 silly audit   yallist: [ '4.0.0', '3.1.1' ],
14 silly audit   optionator: [ '0.9.4' ],
14 silly audit   ora: [ '6.3.1' ],
14 silly audit   'p-limit': [ '3.1.0' ],
14 silly audit   'p-locate': [ '5.0.0' ],
14 silly audit   'package-json-from-dist': [ '1.0.1' ],
14 silly audit   'parent-module': [ '1.0.1' ],
14 silly audit   'parse-json': [ '5.2.0' ],
14 silly audit   'path-browserify': [ '1.0.1' ],
14 silly audit   'path-exists': [ '4.0.0' ],
14 silly audit   'path-is-absolute': [ '1.0.1' ],
14 silly audit   'path-parse': [ '1.0.7' ],
14 silly audit   'path-scurry': [ '1.11.1' ],
14 silly audit   'path-type': [ '4.0.0' ],
14 silly audit   picocolors: [ '1.1.0' ],
14 silly audit   picomatch: [ '2.3.1' ],
14 silly audit   pify: [ '2.3.0' ],
14 silly audit   pirates: [ '4.0.6' ],
14 silly audit   'possible-typed-array-names': [ '1.0.0' ],
14 silly audit   'postcss-import': [ '15.1.0' ],
14 silly audit   'postcss-js': [ '4.0.1' ],
14 silly audit   'postcss-load-config': [ '4.0.2' ],
14 silly audit   'postcss-nested': [ '6.2.0' ],
14 silly audit   'postcss-selector-parser': [ '6.1.2' ],
14 silly audit   'postcss-value-parser': [ '4.2.0' ],
14 silly audit   preact: [ '10.25.1' ],
14 silly audit   'preact-render-to-string': [ '5.2.6' ],
14 silly audit   'prelude-ls': [ '1.2.1' ],
14 silly audit   'pretty-format': [ '3.8.0' ],
14 silly audit   prisma: [ '5.22.0' ],
14 silly audit   prompts: [ '2.4.2' ],
14 silly audit   'prop-types': [ '15.8.1' ],
14 silly audit   'proxy-from-env': [ '1.1.0' ],
14 silly audit   punycode: [ '2.3.1' ],
14 silly audit   qs: [ '6.13.1' ],
14 silly audit   querystringify: [ '2.2.0' ],
14 silly audit   'queue-microtask': [ '1.2.3' ],
14 silly audit   react: [ '18.2.0' ],
14 silly audit   'react-dom': [ '18.2.0' ],
14 silly audit   'react-hook-form': [ '7.53.0' ],
14 silly audit   'react-is': [ '16.13.1' ],
14 silly audit   'react-remove-scroll-bar': [ '2.3.6' ],
14 silly audit   'react-smooth': [ '4.0.1' ],
14 silly audit   'react-style-singleton': [ '2.2.1' ],
14 silly audit   'react-transition-group': [ '4.4.5' ],
14 silly audit   'read-cache': [ '1.0.0' ],
14 silly audit   'readable-stream': [ '3.6.2' ],
14 silly audit   readdirp: [ '3.6.0' ],
14 silly audit   recast: [ '0.23.9' ],
14 silly audit   recharts: [ '2.12.7' ],
14 silly audit   'recharts-scale': [ '0.4.5' ],
14 silly audit   'reflect.getprototypeof': [ '1.0.6' ],
14 silly audit   'regenerator-runtime': [ '0.14.1' ],
14 silly audit   'regexp.prototype.flags': [ '1.5.3' ],
14 silly audit   'requires-port': [ '1.0.0' ],
14 silly audit   'resolve-from': [ '4.0.0' ],
14 silly audit   'resolve-pkg-maps': [ '1.0.0' ],
14 silly audit   'restore-cursor': [ '4.0.0' ],
14 silly audit   reusify: [ '1.0.4' ],
14 silly audit   rimraf: [ '3.0.2' ],
14 silly audit   'rtcpeerconnection-shim': [ '1.2.8' ],
14 silly audit   'run-parallel': [ '1.2.0' ],
14 silly audit   'safe-array-concat': [ '1.1.2' ],
14 silly audit   'safe-buffer': [ '5.2.1' ],
14 silly audit   'safe-regex-test': [ '1.0.3' ],
14 silly audit   scheduler: [ '0.23.2' ],
14 silly audit   scmp: [ '2.1.0' ],
14 silly audit   sdp: [ '2.12.0' ],
14 silly audit   'set-function-length': [ '1.2.2' ],
14 silly audit   'set-function-name': [ '2.0.2' ],
14 silly audit   'shadcn-ui': [ '0.9.4' ],
14 silly audit   'tsconfig-paths': [ '4.2.0', '3.15.0' ],
14 silly audit   'shebang-command': [ '2.0.0' ],
14 silly audit   'shebang-regex': [ '3.0.0' ],
14 silly audit   'side-channel': [ '1.0.6' ],
14 silly audit   sisteransi: [ '1.0.5' ],
14 silly audit   slash: [ '3.0.0' ],
14 silly audit   sonner: [ '1.5.0' ],
14 silly audit   'source-map': [ '0.6.1' ],
14 silly audit   'source-map-js': [ '1.2.1' ],
14 silly audit   'stdin-discarder': [ '0.1.0' ],
14 silly audit   'stop-iteration-iterator': [ '1.0.0' ],
14 silly audit   streamsearch: [ '1.1.0' ],
14 silly audit   string_decoder: [ '1.3.0' ],
14 silly audit   'string-width': [ '5.1.2', '4.2.3' ],
14 silly audit   'string.prototype.includes': [ '2.0.0' ],
14 silly audit   'string.prototype.matchall': [ '4.0.11' ],
14 silly audit   'string.prototype.repeat': [ '1.0.0' ],
14 silly audit   'string.prototype.trim': [ '1.2.9' ],
14 silly audit   'string.prototype.trimend': [ '1.0.8' ],
14 silly audit   'string.prototype.trimstart': [ '1.0.8' ],
14 silly audit   'strip-bom': [ '3.0.0' ],
14 silly audit   'strip-final-newline': [ '3.0.0' ],
14 silly audit   'strip-json-comments': [ '3.1.1' ],
14 silly audit   'styled-jsx': [ '5.1.1' ],
14 silly audit   sucrase: [ '3.35.0' ],
14 silly audit   'supports-color': [ '7.2.0' ],
14 silly audit   'supports-preserve-symlinks-flag': [ '1.0.0' ],
14 silly audit   'tailwind-merge': [ '2.5.3' ],
14 silly audit   tailwindcss: [ '3.3.3' ],
14 silly audit   'tailwindcss-animate': [ '1.0.7' ],
14 silly audit   tapable: [ '2.2.1' ],
14 silly audit   'text-table': [ '0.2.0' ],
14 silly audit   thenify: [ '3.3.1' ],
14 silly audit   'thenify-all': [ '1.6.0' ],
14 silly audit   'tiny-invariant': [ '1.3.3' ],
14 silly audit   'to-regex-range': [ '5.0.1' ],
14 silly audit   'ts-api-utils': [ '1.3.0' ],
14 silly audit   'ts-interface-checker': [ '0.1.13' ],
14 silly audit   'ts-morph': [ '18.0.0' ],
14 silly audit   tslib: [ '2.7.0' ],
14 silly audit   twilio: [ '4.23.0' ],
14 silly audit   'type-check': [ '0.4.0' ],
14 silly audit   'type-fest': [ '0.20.2' ],
14 silly audit   'typed-array-buffer': [ '1.0.2' ],
14 silly audit   'typed-array-byte-length': [ '1.0.1' ],
14 silly audit   'typed-array-byte-offset': [ '1.0.2' ],
14 silly audit   'typed-array-length': [ '1.0.6' ],
14 silly audit   typescript: [ '5.2.2' ],
14 silly audit   'unbox-primitive': [ '1.0.2' ],
14 silly audit   universalify: [ '2.0.1' ],
14 silly audit   'update-browserslist-db': [ '1.1.1' ],
14 silly audit   'uri-js': [ '4.4.1' ],
14 silly audit   'url-parse': [ '1.5.10' ],
14 silly audit   'use-callback-ref': [ '1.3.2' ],
14 silly audit   'use-sidecar': [ '1.1.2' ],
14 silly audit   'util-deprecate': [ '1.0.2' ],
14 silly audit   uuid: [ '8.3.2' ],
14 silly audit   'victory-vendor': [ '36.9.2' ],
14 silly audit   watchpack: [ '2.4.0' ],
14 silly audit   wcwidth: [ '1.0.1' ],
14 silly audit   'web-streams-polyfill': [ '3.3.3' ],
14 silly audit   which: [ '2.0.2' ],
14 silly audit   'which-boxed-primitive': [ '1.0.2' ],
14 silly audit   'which-builtin-type': [ '1.1.4' ],
14 silly audit   'which-collection': [ '1.0.2' ],
14 silly audit   'which-typed-array': [ '1.1.15' ],
14 silly audit   'word-wrap': [ '1.2.5' ],
14 silly audit   'wrap-ansi': [ '8.1.0', '7.0.0' ],
14 silly audit   wrappy: [ '1.0.2' ],
14 silly audit   xmlbuilder: [ '13.0.2' ],
14 silly audit   yaml: [ '2.5.1' ],
14 silly audit   'yocto-queue': [ '0.1.0' ]
14 silly audit }
15 http fetch POST 200 https://registry.npmjs.org/-/npm/v1/security/advisories/bulk 3021ms
16 silly audit report {
16 silly audit report   'cross-spawn': [
16 silly audit report     {
16 silly audit report       id: 1100563,
16 silly audit report       url: 'https://github.com/advisories/GHSA-3xgq-45jj-v275',
16 silly audit report       title: 'Regular Expression Denial of Service (ReDoS) in cross-spawn',
16 silly audit report       severity: 'high',
16 silly audit report       vulnerable_versions: '>=7.0.0 <7.0.5',
16 silly audit report       cwe: [Array],
16 silly audit report       cvss: [Object]
16 silly audit report     }
16 silly audit report   ],
16 silly audit report   nanoid: [
16 silly audit report     {
16 silly audit report       id: 1101092,
16 silly audit report       url: 'https://github.com/advisories/GHSA-mwcw-c2x4-8c55',
16 silly audit report       title: 'Infinite loop in nanoid',
16 silly audit report       severity: 'low',
16 silly audit report       vulnerable_versions: '<3.3.8',
16 silly audit report       cwe: [Array],
16 silly audit report       cvss: [Object]
16 silly audit report     }
16 silly audit report   ],
16 silly audit report   next: [
16 silly audit report     {
16 silly audit report       id: 1099639,
16 silly audit report       url: 'https://github.com/advisories/GHSA-gp8f-8m3g-qvj9',
16 silly audit report       title: 'Next.js Cache Poisoning',
16 silly audit report       severity: 'high',
16 silly audit report       vulnerable_versions: '>=13.5.1 <13.5.7',
16 silly audit report       cwe: [Array],
16 silly audit report       cvss: [Object]
16 silly audit report     },
16 silly audit report     {
16 silly audit report       id: 1100421,
16 silly audit report       url: 'https://github.com/advisories/GHSA-g77x-44xx-532m',
16 silly audit report       title: 'Denial of Service condition in Next.js image optimization',
16 silly audit report       severity: 'moderate',
16 silly audit report       vulnerable_versions: '>=10.0.0 <14.2.7',
16 silly audit report       cwe: [Array],
16 silly audit report       cvss: [Object]
16 silly audit report     },
16 silly audit report     {
16 silly audit report       id: 1097295,
16 silly audit report       url: 'https://github.com/advisories/GHSA-fr5h-rqp8-mj6g',
16 silly audit report       title: 'Next.js Server-Side Request Forgery in Server Actions',
16 silly audit report       severity: 'high',
16 silly audit report       vulnerable_versions: '>=13.4.0 <14.1.1',
16 silly audit report       cwe: [Array],
16 silly audit report       cvss: [Object]
16 silly audit report     }
16 silly audit report   ],
16 silly audit report   postcss: [
16 silly audit report     {
16 silly audit report       id: 1094544,
16 silly audit report       url: 'https://github.com/advisories/GHSA-7fh5-64p2-3v2j',
16 silly audit report       title: 'PostCSS line return parsing error',
16 silly audit report       severity: 'moderate',
16 silly audit report       vulnerable_versions: '<8.4.31',
16 silly audit report       cwe: [Array],
16 silly audit report       cvss: [Object]
16 silly audit report     }
16 silly audit report   ],
16 silly audit report   zod: [
16 silly audit report     {
16 silly audit report       id: 1099462,
16 silly audit report       url: 'https://github.com/advisories/GHSA-m95q-7qp3-xv42',
16 silly audit report       title: 'Zod denial of service vulnerability',
16 silly audit report       severity: 'moderate',
16 silly audit report       vulnerable_versions: '<=3.22.2',
16 silly audit report       cwe: [Array],
16 silly audit report       cvss: [Object]
16 silly audit report     }
16 silly audit report   ]
16 silly audit report }
17 silly packumentCache corgi:https://registry.npmjs.org/cross-spawn cache-miss
18 silly packumentCache corgi:https://registry.npmjs.org/nanoid cache-miss
19 silly packumentCache corgi:https://registry.npmjs.org/next cache-miss
20 silly packumentCache corgi:https://registry.npmjs.org/postcss cache-miss
21 silly packumentCache corgi:https://registry.npmjs.org/zod cache-miss
22 http fetch GET 200 https://registry.npmjs.org/nanoid 195ms (cache revalidated)
23 silly packumentCache corgi:https://registry.npmjs.org/nanoid set size:138004 disposed:false
24 http fetch GET 200 https://registry.npmjs.org/next 643ms (cache revalidated)
25 silly packumentCache corgi:https://registry.npmjs.org/next set size:18039765 disposed:false
26 http fetch GET 200 https://registry.npmjs.org/cross-spawn 1004ms (cache revalidated)
27 silly packumentCache corgi:https://registry.npmjs.org/cross-spawn set size:44626 disposed:false
28 http fetch GET 200 https://registry.npmjs.org/postcss 1004ms (cache revalidated)
29 silly packumentCache corgi:https://registry.npmjs.org/postcss set size:331247 disposed:false
30 http fetch GET 200 https://registry.npmjs.org/zod 1010ms (cache revalidated)
31 silly packumentCache corgi:https://registry.npmjs.org/zod set size:654744 disposed:false
32 silly packumentCache corgi:https://registry.npmjs.org/eslint cache-miss
33 silly packumentCache corgi:https://registry.npmjs.org/execa cache-miss
34 silly packumentCache corgi:https://registry.npmjs.org/foreground-child cache-miss
35 http fetch GET 200 https://registry.npmjs.org/execa 146ms (cache revalidated)
36 silly packumentCache corgi:https://registry.npmjs.org/execa set size:85170 disposed:false
37 http fetch GET 200 https://registry.npmjs.org/eslint 149ms (cache revalidated)
38 silly packumentCache corgi:https://registry.npmjs.org/eslint set size:1015531 disposed:false
39 http fetch GET 200 https://registry.npmjs.org/foreground-child 1046ms (cache revalidated)
40 silly packumentCache corgi:https://registry.npmjs.org/foreground-child set size:20383 disposed:false
41 silly packumentCache corgi:https://registry.npmjs.org/tailwindcss cache-miss
42 http fetch GET 200 https://registry.npmjs.org/tailwindcss 183ms (cache revalidated)
43 silly packumentCache corgi:https://registry.npmjs.org/tailwindcss set size:3982128 disposed:false
44 warn audit Updating next to 13.5.7, which is outside your stated dependency range.
45 warn audit Updating next to 13.5.7, which is outside your stated dependency range.
46 silly idealTree buildDeps
47 silly fetch manifest next@13.5.7
48 silly packumentCache full:https://registry.npmjs.org/next cache-miss
49 verbose shrinkwrap failed to load node_modules/.package-lock.json out of date, updated: node_modules
50 http cache https://registry.npmjs.org/next 80ms (cache hit)
51 silly packumentCache full:https://registry.npmjs.org/next set size:22105285 disposed:false
52 silly fetch manifest postcss@8.4.30
53 silly packumentCache full:https://registry.npmjs.org/postcss cache-miss
54 http cache https://registry.npmjs.org/postcss 409ms (cache hit)
55 silly packumentCache full:https://registry.npmjs.org/postcss set size:675229 disposed:false
56 silly placeDep ROOT next@13.5.7 REPLACE for: hiv-medication-monitoring@0.1.0 want: 13.5.7
57 silly placeDep ROOT postcss@8.4.30 KEEP for: hiv-medication-monitoring@0.1.0 want: 8.4.30
58 silly fetch manifest postcss@8.4.31
59 silly packumentCache full:https://registry.npmjs.org/postcss cache-hit
60 silly fetch manifest @next/env@13.5.7
61 silly packumentCache full:https://registry.npmjs.org/@next%2fenv cache-miss
62 silly fetch manifest @next/swc-darwin-x64@13.5.7
63 silly packumentCache full:https://registry.npmjs.org/@next%2fswc-darwin-x64 cache-miss
64 silly fetch manifest @next/swc-darwin-arm64@13.5.7
65 silly packumentCache full:https://registry.npmjs.org/@next%2fswc-darwin-arm64 cache-miss
66 silly fetch manifest @next/swc-linux-x64-gnu@13.5.7
67 silly packumentCache full:https://registry.npmjs.org/@next%2fswc-linux-x64-gnu cache-miss
68 silly fetch manifest @next/swc-linux-x64-musl@13.5.7
69 silly packumentCache full:https://registry.npmjs.org/@next%2fswc-linux-x64-musl cache-miss
70 silly fetch manifest @next/swc-win32-x64-msvc@13.5.7
71 silly packumentCache full:https://registry.npmjs.org/@next%2fswc-win32-x64-msvc cache-miss
72 silly fetch manifest @next/swc-linux-arm64-gnu@13.5.7
73 silly packumentCache full:https://registry.npmjs.org/@next%2fswc-linux-arm64-gnu cache-miss
74 http cache https://registry.npmjs.org/@next%2fenv 61ms (cache hit)
75 silly packumentCache full:https://registry.npmjs.org/@next%2fenv set size:5182194 disposed:false
76 silly fetch manifest @next/swc-win32-ia32-msvc@13.5.7
77 silly packumentCache full:https://registry.npmjs.org/@next%2fswc-win32-ia32-msvc cache-miss
78 http cache https://registry.npmjs.org/@next%2fswc-darwin-arm64 109ms (cache hit)
79 silly packumentCache full:https://registry.npmjs.org/@next%2fswc-darwin-arm64 set size:3572625 disposed:false
80 silly fetch manifest @next/swc-linux-arm64-musl@13.5.7
81 silly packumentCache full:https://registry.npmjs.org/@next%2fswc-linux-arm64-musl cache-miss
82 http cache https://registry.npmjs.org/@next%2fswc-linux-x64-musl 132ms (cache hit)
83 silly packumentCache full:https://registry.npmjs.org/@next%2fswc-linux-x64-musl set size:3358078 disposed:false
84 silly fetch manifest @next/swc-win32-arm64-msvc@13.5.7
85 silly packumentCache full:https://registry.npmjs.org/@next%2fswc-win32-arm64-msvc cache-miss
86 http cache https://registry.npmjs.org/@next%2fswc-darwin-x64 164ms (cache hit)
87 silly packumentCache full:https://registry.npmjs.org/@next%2fswc-darwin-x64 set size:3535072 disposed:false
88 http cache https://registry.npmjs.org/@next%2fswc-linux-x64-gnu 180ms (cache hit)
89 silly packumentCache full:https://registry.npmjs.org/@next%2fswc-linux-x64-gnu set size:3599476 disposed:false
90 http cache https://registry.npmjs.org/@next%2fswc-linux-arm64-gnu 218ms (cache hit)
91 silly packumentCache full:https://registry.npmjs.org/@next%2fswc-linux-arm64-gnu set size:3397975 disposed:false
92 http cache https://registry.npmjs.org/@next%2fswc-win32-x64-msvc 241ms (cache hit)
93 silly packumentCache full:https://registry.npmjs.org/@next%2fswc-win32-x64-msvc set size:3580871 disposed:false
94 http cache https://registry.npmjs.org/@next%2fswc-win32-ia32-msvc 185ms (cache hit)
95 silly packumentCache full:https://registry.npmjs.org/@next%2fswc-win32-ia32-msvc set size:3167714 disposed:false
96 http cache https://registry.npmjs.org/@next%2fswc-linux-arm64-musl 176ms (cache hit)
97 silly packumentCache full:https://registry.npmjs.org/@next%2fswc-linux-arm64-musl set size:3408976 disposed:false
98 http cache https://registry.npmjs.org/@next%2fswc-win32-arm64-msvc 175ms (cache hit)
99 silly packumentCache full:https://registry.npmjs.org/@next%2fswc-win32-arm64-msvc set size:3383929 disposed:false
100 silly fetch manifest cross-spawn@^7.0.2
101 silly packumentCache full:https://registry.npmjs.org/cross-spawn cache-miss
102 http cache https://registry.npmjs.org/cross-spawn 18ms (cache hit)
103 silly packumentCache full:https://registry.npmjs.org/cross-spawn set size:109066 disposed:false
104 silly placeDep ROOT cross-spawn@7.0.6 REPLACE for: eslint@8.49.0 want: ^7.0.2
105 silly placeDep ROOT @next/env@13.5.7 OK for: next@13.5.7 want: 13.5.7
106 silly placeDep ROOT @next/swc-darwin-arm64@13.5.7 OK for: next@13.5.7 want: 13.5.7
107 silly placeDep ROOT @next/swc-darwin-x64@13.5.7 OK for: next@13.5.7 want: 13.5.7
108 silly placeDep ROOT @next/swc-linux-arm64-gnu@13.5.7 OK for: next@13.5.7 want: 13.5.7
109 silly placeDep ROOT @next/swc-linux-arm64-musl@13.5.7 OK for: next@13.5.7 want: 13.5.7
110 silly placeDep ROOT @next/swc-linux-x64-gnu@13.5.7 OK for: next@13.5.7 want: 13.5.7
111 silly placeDep ROOT @next/swc-linux-x64-musl@13.5.7 OK for: next@13.5.7 want: 13.5.7
112 silly placeDep ROOT @next/swc-win32-arm64-msvc@13.5.7 OK for: next@13.5.7 want: 13.5.7
113 silly placeDep ROOT @next/swc-win32-ia32-msvc@13.5.7 OK for: next@13.5.7 want: 13.5.7
114 silly placeDep ROOT @next/swc-win32-x64-msvc@13.5.7 OK for: next@13.5.7 want: 13.5.7
115 silly placeDep node_modules/next postcss@8.4.31 OK for: next@13.5.7 want: 8.4.31
116 silly fetch manifest nanoid@^3.3.6
117 silly packumentCache full:https://registry.npmjs.org/nanoid cache-miss
118 http cache https://registry.npmjs.org/nanoid 3ms (cache hit)
119 silly packumentCache full:https://registry.npmjs.org/nanoid set size:277592 disposed:false
120 silly placeDep ROOT nanoid@3.3.8 REPLACE for: postcss@8.4.30 want: ^3.3.6
121 silly fetch manifest postcss@^8.4.23
122 silly packumentCache full:https://registry.npmjs.org/postcss cache-hit
123 silly placeDep ROOT postcss@8.4.49 KEEP for: tailwindcss@3.3.3 want: ^8.4.23
124 silly reify mark retired [
124 silly reify   '/home/gevalinho/gevalinho/heartland_alliance_project/node_modules/cross-spawn'
124 silly reify ]
125 silly reify mark retired [
125 silly reify   '/home/gevalinho/gevalinho/heartland_alliance_project/node_modules/nanoid',
125 silly reify   '/home/gevalinho/gevalinho/heartland_alliance_project/node_modules/.bin/nanoid'
125 silly reify ]
126 silly reify mark retired [
126 silly reify   '/home/gevalinho/gevalinho/heartland_alliance_project/node_modules/next',
126 silly reify   '/home/gevalinho/gevalinho/heartland_alliance_project/node_modules/.bin/next'
126 silly reify ]
127 silly reify mark retired [
127 silly reify   '/home/gevalinho/gevalinho/heartland_alliance_project/node_modules/shadcn-ui',
127 silly reify   '/home/gevalinho/gevalinho/heartland_alliance_project/node_modules/.bin/shadcn-ui'
127 silly reify ]
128 silly reify mark retired [
128 silly reify   '/home/gevalinho/gevalinho/heartland_alliance_project/node_modules/@next/env'
128 silly reify ]
129 silly reify mark retired [
129 silly reify   '/home/gevalinho/gevalinho/heartland_alliance_project/node_modules/@next/swc-linux-x64-gnu'
129 silly reify ]
130 silly reify mark retired [
130 silly reify   '/home/gevalinho/gevalinho/heartland_alliance_project/node_modules/@next/swc-linux-x64-musl'
130 silly reify ]
131 silly reify moves {
131 silly reify   '/home/gevalinho/gevalinho/heartland_alliance_project/node_modules/cross-spawn': '/home/gevalinho/gevalinho/heartland_alliance_project/node_modules/.cross-spawn-XM9JLqf7',
131 silly reify   '/home/gevalinho/gevalinho/heartland_alliance_project/node_modules/nanoid': '/home/gevalinho/gevalinho/heartland_alliance_project/node_modules/.nanoid-lfM7iYzG',
131 silly reify   '/home/gevalinho/gevalinho/heartland_alliance_project/node_modules/.bin/nanoid': '/home/gevalinho/gevalinho/heartland_alliance_project/node_modules/.bin/.nanoid-v4fxTnoH',
131 silly reify   '/home/gevalinho/gevalinho/heartland_alliance_project/node_modules/next': '/home/gevalinho/gevalinho/heartland_alliance_project/node_modules/.next-SCu85xiM',
131 silly reify   '/home/gevalinho/gevalinho/heartland_alliance_project/node_modules/.bin/next': '/home/gevalinho/gevalinho/heartland_alliance_project/node_modules/.bin/.next-TJ0L55Zp',
131 silly reify   '/home/gevalinho/gevalinho/heartland_alliance_project/node_modules/shadcn-ui': '/home/gevalinho/gevalinho/heartland_alliance_project/node_modules/.shadcn-ui-QGShHFyM',
131 silly reify   '/home/gevalinho/gevalinho/heartland_alliance_project/node_modules/.bin/shadcn-ui': '/home/gevalinho/gevalinho/heartland_alliance_project/node_modules/.bin/.shadcn-ui-3FjVqNMs',
131 silly reify   '/home/gevalinho/gevalinho/heartland_alliance_project/node_modules/@next/env': '/home/gevalinho/gevalinho/heartland_alliance_project/node_modules/@next/.env-ADfQYRm9',
131 silly reify   '/home/gevalinho/gevalinho/heartland_alliance_project/node_modules/@next/swc-linux-x64-gnu': '/home/gevalinho/gevalinho/heartland_alliance_project/node_modules/@next/.swc-linux-x64-gnu-e7eJtmYj',
131 silly reify   '/home/gevalinho/gevalinho/heartland_alliance_project/node_modules/@next/swc-linux-x64-musl': '/home/gevalinho/gevalinho/heartland_alliance_project/node_modules/@next/.swc-linux-x64-musl-ythGS7LI'
131 silly reify }
132 silly audit bulk request {
132 silly audit   '@alloc/quick-lru': [ '5.2.0' ],
132 silly audit   '@ampproject/remapping': [ '2.3.0' ],
132 silly audit   '@antfu/ni': [ '0.21.12' ],
132 silly audit   '@babel/code-frame': [ '7.26.2' ],
132 silly audit   '@babel/compat-data': [ '7.26.3' ],
132 silly audit   '@babel/core': [ '7.26.0' ],
132 silly audit   json5: [ '2.2.3', '1.0.2' ],
132 silly audit   semver: [ '6.3.1', '7.6.3' ],
132 silly audit   '@babel/generator': [ '7.26.3' ],
132 silly audit   '@babel/helper-annotate-as-pure': [ '7.25.9' ],
132 silly audit   '@babel/helper-compilation-targets': [ '7.25.9' ],
132 silly audit   'lru-cache': [ '5.1.1', '10.4.3', '6.0.0' ],
132 silly audit   '@babel/helper-create-class-features-plugin': [ '7.25.9' ],
132 silly audit   '@babel/helper-member-expression-to-functions': [ '7.25.9' ],
132 silly audit   '@babel/helper-module-imports': [ '7.25.9' ],
132 silly audit   '@babel/helper-module-transforms': [ '7.26.0' ],
132 silly audit   '@babel/helper-optimise-call-expression': [ '7.25.9' ],
132 silly audit   '@babel/helper-plugin-utils': [ '7.25.9' ],
132 silly audit   '@babel/helper-replace-supers': [ '7.25.9' ],
132 silly audit   '@babel/helper-skip-transparent-expression-wrappers': [ '7.25.9' ],
132 silly audit   '@babel/helper-string-parser': [ '7.25.9' ],
132 silly audit   '@babel/helper-validator-identifier': [ '7.25.9' ],
132 silly audit   '@babel/helper-validator-option': [ '7.25.9' ],
132 silly audit   '@babel/helpers': [ '7.26.0' ],
132 silly audit   '@babel/parser': [ '7.26.3' ],
132 silly audit   '@babel/plugin-syntax-typescript': [ '7.25.9' ],
132 silly audit   '@babel/plugin-transform-typescript': [ '7.26.3' ],
132 silly audit   '@babel/runtime': [ '7.25.7' ],
132 silly audit   '@babel/template': [ '7.25.9' ],
132 silly audit   '@babel/traverse': [ '7.26.4' ],
132 silly audit   globals: [ '11.12.0', '13.24.0' ],
132 silly audit   '@babel/types': [ '7.26.3' ],
132 silly audit   '@eslint-community/eslint-utils': [ '4.4.0' ],
132 silly audit   '@eslint-community/regexpp': [ '4.11.1' ],
132 silly audit   '@eslint/eslintrc': [ '2.1.4' ],
132 silly audit   '@eslint/js': [ '8.49.0' ],
132 silly audit   '@floating-ui/core': [ '1.6.8' ],
132 silly audit   '@floating-ui/dom': [ '1.6.11' ],
132 silly audit   '@floating-ui/react-dom': [ '2.1.2' ],
132 silly audit   '@floating-ui/utils': [ '0.2.8' ],
132 silly audit   '@hookform/resolvers': [ '3.9.0' ],
132 silly audit   '@humanwhocodes/config-array': [ '0.11.14' ],
132 silly audit   '@humanwhocodes/module-importer': [ '1.0.1' ],
132 silly audit   '@humanwhocodes/object-schema': [ '2.0.3' ],
132 silly audit   '@isaacs/cliui': [ '8.0.2' ],
132 silly audit   'ansi-regex': [ '6.1.0', '5.0.1' ],
132 silly audit   'strip-ansi': [ '7.1.0', '6.0.1' ],
132 silly audit   '@jridgewell/gen-mapping': [ '0.3.5' ],
132 silly audit   '@jridgewell/resolve-uri': [ '3.1.2' ],
132 silly audit   '@jridgewell/set-array': [ '1.2.1' ],
132 silly audit   '@jridgewell/sourcemap-codec': [ '1.5.0' ],
132 silly audit   '@jridgewell/trace-mapping': [ '0.3.25' ],
132 silly audit   '@next/eslint-plugin-next': [ '13.5.1' ],
132 silly audit   '@next/swc-wasm-nodejs': [ '13.5.1' ],
132 silly audit   '@nodelib/fs.scandir': [ '2.1.5' ],
132 silly audit   '@nodelib/fs.stat': [ '2.0.5' ],
132 silly audit   '@nodelib/fs.walk': [ '1.2.8' ],
132 silly audit   '@nolyfill/is-core-module': [ '1.0.39' ],
132 silly audit   '@panva/hkdf': [ '1.2.1' ],
132 silly audit   '@pkgjs/parseargs': [ '0.11.0' ],
132 silly audit   '@prisma/client': [ '5.22.0' ],
132 silly audit   '@prisma/debug': [ '5.22.0' ],
132 silly audit   '@prisma/engines': [ '5.22.0' ],
132 silly audit   '@prisma/engines-version': [ '5.22.0-44.605197351a3c8bdd595af2d2a9bc3025bca48ea2' ],
132 silly audit   '@prisma/fetch-engine': [ '5.22.0' ],
132 silly audit   '@prisma/get-platform': [ '5.22.0' ],
132 silly audit   '@radix-ui/number': [ '1.1.0' ],
132 silly audit   '@radix-ui/primitive': [ '1.1.0', '1.0.1' ],
132 silly audit   '@radix-ui/react-accordion': [ '1.2.1' ],
132 silly audit   '@radix-ui/react-alert-dialog': [ '1.1.2' ],
132 silly audit   '@radix-ui/react-arrow': [ '1.1.0' ],
132 silly audit   '@radix-ui/react-aspect-ratio': [ '1.1.0' ],
132 silly audit   '@radix-ui/react-avatar': [ '1.1.1' ],
132 silly audit   '@radix-ui/react-checkbox': [ '1.1.2' ],
132 silly audit   '@radix-ui/react-collapsible': [ '1.1.1' ],
132 silly audit   '@radix-ui/react-collection': [ '1.1.0' ],
132 silly audit   '@radix-ui/react-context': [ '1.1.0', '1.1.1', '1.0.1' ],
132 silly audit   '@radix-ui/react-compose-refs': [ '1.1.0', '1.0.1' ],
132 silly audit   '@radix-ui/react-context-menu': [ '2.2.2' ],
132 silly audit   '@radix-ui/react-dialog': [ '1.1.2', '1.0.5' ],
132 silly audit   '@radix-ui/react-direction': [ '1.1.0' ],
132 silly audit   '@radix-ui/react-dismissable-layer': [ '1.1.1', '1.0.5' ],
132 silly audit   '@radix-ui/react-dropdown-menu': [ '2.1.2' ],
132 silly audit   '@radix-ui/react-focus-guards': [ '1.1.1', '1.0.1' ],
132 silly audit   '@radix-ui/react-focus-scope': [ '1.1.0', '1.0.4' ],
132 silly audit   '@radix-ui/react-hover-card': [ '1.1.2' ],
132 silly audit   '@radix-ui/react-id': [ '1.1.0', '1.0.1' ],
132 silly audit   '@radix-ui/react-label': [ '2.1.0' ],
132 silly audit   '@radix-ui/react-menu': [ '2.1.2' ],
132 silly audit   '@radix-ui/react-menubar': [ '1.1.2' ],
132 silly audit   '@radix-ui/react-navigation-menu': [ '1.2.1' ],
132 silly audit   '@radix-ui/react-popover': [ '1.1.2' ],
132 silly audit   '@radix-ui/react-popper': [ '1.2.0' ],
132 silly audit   '@radix-ui/react-portal': [ '1.1.2', '1.0.4' ],
132 silly audit   '@radix-ui/react-presence': [ '1.1.1', '1.0.1' ],
132 silly audit   '@radix-ui/react-primitive': [ '2.0.0', '1.0.3' ],
132 silly audit   '@radix-ui/react-progress': [ '1.1.0' ],
132 silly audit   '@radix-ui/react-radio-group': [ '1.2.1' ],
132 silly audit   '@radix-ui/react-roving-focus': [ '1.1.0' ],
132 silly audit   '@radix-ui/react-scroll-area': [ '1.2.0' ],
132 silly audit   '@radix-ui/react-select': [ '2.1.2' ],
132 silly audit   '@radix-ui/react-separator': [ '1.1.0' ],
132 silly audit   '@radix-ui/react-slider': [ '1.2.1' ],
132 silly audit   '@radix-ui/react-slot': [ '1.1.0', '1.0.2' ],
132 silly audit   '@radix-ui/react-switch': [ '1.1.1' ],
132 silly audit   '@radix-ui/react-tabs': [ '1.1.1' ],
132 silly audit   '@radix-ui/react-toast': [ '1.2.2' ],
132 silly audit   '@radix-ui/react-toggle': [ '1.1.0' ],
132 silly audit   '@radix-ui/react-toggle-group': [ '1.1.0' ],
132 silly audit   '@radix-ui/react-tooltip': [ '1.1.3' ],
132 silly audit   '@radix-ui/react-use-callback-ref': [ '1.1.0', '1.0.1' ],
132 silly audit   '@radix-ui/react-use-controllable-state': [ '1.1.0', '1.0.1' ],
132 silly audit   '@radix-ui/react-use-escape-keydown': [ '1.1.0', '1.0.3' ],
132 silly audit   '@radix-ui/react-use-layout-effect': [ '1.1.0', '1.0.1' ],
132 silly audit   '@radix-ui/react-use-previous': [ '1.1.0' ],
132 silly audit   '@radix-ui/react-use-rect': [ '1.1.0' ],
132 silly audit   '@radix-ui/react-use-size': [ '1.1.0' ],
132 silly audit   '@radix-ui/react-visually-hidden': [ '1.1.0' ],
132 silly audit   '@radix-ui/rect': [ '1.1.0' ],
132 silly audit   '@rtsao/scc': [ '1.1.0' ],
132 silly audit   '@rushstack/eslint-patch': [ '1.10.4' ],
132 silly audit   '@swc/helpers': [ '0.5.2' ],
132 silly audit   '@ts-morph/common': [ '0.19.0' ],
132 silly audit   'brace-expansion': [ '2.0.1', '1.1.11' ],
132 silly audit   minimatch: [ '7.4.6', '9.0.3', '3.1.2', '9.0.5' ],
132 silly audit   '@twilio/voice-errors': [ '1.7.0' ],
132 silly audit   '@twilio/voice-sdk': [ '2.12.3' ],
132 silly audit   '@types/d3-array': [ '3.2.1' ],
132 silly audit   '@types/d3-color': [ '3.1.3' ],
132 silly audit   '@types/d3-ease': [ '3.0.2' ],
132 silly audit   '@types/d3-interpolate': [ '3.0.4' ],
132 silly audit   '@types/d3-path': [ '3.1.0' ],
132 silly audit   '@types/d3-scale': [ '4.0.8' ],
132 silly audit   '@types/d3-shape': [ '3.1.6' ],
132 silly audit   '@types/d3-time': [ '3.0.3' ],
132 silly audit   '@types/d3-timer': [ '3.0.2' ],
132 silly audit   '@types/json5': [ '0.0.29' ],
132 silly audit   '@types/md5': [ '2.3.2' ],
132 silly audit   '@types/node': [ '20.6.2' ],
132 silly audit   '@types/prop-types': [ '15.7.13' ],
132 silly audit   '@types/react': [ '18.2.22' ],
132 silly audit   '@types/react-dom': [ '18.2.7' ],
132 silly audit   '@types/scheduler': [ '0.23.0' ],
132 silly audit   '@typescript-eslint/parser': [ '6.21.0' ],
132 silly audit   '@typescript-eslint/scope-manager': [ '6.21.0' ],
132 silly audit   '@typescript-eslint/types': [ '6.21.0' ],
132 silly audit   '@typescript-eslint/typescript-estree': [ '6.21.0' ],
132 silly audit   '@typescript-eslint/visitor-keys': [ '6.21.0' ],
132 silly audit   acorn: [ '8.12.1' ],
132 silly audit   'acorn-jsx': [ '5.3.2' ],
132 silly audit   'agent-base': [ '7.1.3', '6.0.2' ],
132 silly audit   ajv: [ '6.12.6' ],
132 silly audit   'ansi-styles': [ '4.3.0', '6.2.1' ],
132 silly audit   'any-promise': [ '1.3.0' ],
132 silly audit   anymatch: [ '3.1.3' ],
132 silly audit   arg: [ '5.0.2' ],
132 silly audit   argparse: [ '2.0.1' ],
132 silly audit   'aria-hidden': [ '1.2.4' ],
132 silly audit   'aria-query': [ '5.1.3' ],
132 silly audit   'array-buffer-byte-length': [ '1.0.1' ],
132 silly audit   'array-includes': [ '3.1.8' ],
132 silly audit   'array-union': [ '2.1.0' ],
132 silly audit   'array.prototype.findlast': [ '1.2.5' ],
132 silly audit   'array.prototype.findlastindex': [ '1.2.5' ],
132 silly audit   'array.prototype.flat': [ '1.3.2' ],
132 silly audit   'array.prototype.flatmap': [ '1.3.2' ],
132 silly audit   'array.prototype.tosorted': [ '1.1.4' ],
132 silly audit   'arraybuffer.prototype.slice': [ '1.0.3' ],
132 silly audit   'ast-types': [ '0.16.1' ],
132 silly audit   'ast-types-flow': [ '0.0.8' ],
132 silly audit   asynckit: [ '0.4.0' ],
132 silly audit   autoprefixer: [ '10.4.15' ],
132 silly audit   'available-typed-arrays': [ '1.0.7' ],
132 silly audit   'axe-core': [ '4.10.0' ],
132 silly audit   axios: [ '1.7.9' ],
132 silly audit   'axobject-query': [ '4.1.0' ],
132 silly audit   'balanced-match': [ '1.0.2' ],
132 silly audit   'base64-js': [ '1.5.1' ],
132 silly audit   'binary-extensions': [ '2.3.0' ],
132 silly audit   bl: [ '5.1.0' ],
132 silly audit   braces: [ '3.0.3' ],
132 silly audit   browserslist: [ '4.24.0' ],
132 silly audit   buffer: [ '6.0.3' ],
132 silly audit   'buffer-equal-constant-time': [ '1.0.1' ],
132 silly audit   busboy: [ '1.6.0' ],
132 silly audit   'call-bind': [ '1.0.7' ],
132 silly audit   callsites: [ '3.1.0' ],
132 silly audit   'camelcase-css': [ '2.0.1' ],
132 silly audit   'caniuse-lite': [ '1.0.30001667' ],
132 silly audit   chalk: [ '4.1.2', '5.3.0', '5.2.0' ],
132 silly audit   charenc: [ '0.0.2' ],
132 silly audit   chokidar: [ '3.6.0' ],
132 silly audit   'glob-parent': [ '5.1.2', '6.0.2' ],
132 silly audit   'class-variance-authority': [ '0.7.0' ],
132 silly audit   clsx: [ '2.0.0', '2.1.1' ],
132 silly audit   'cli-cursor': [ '4.0.0' ],
132 silly audit   'cli-spinners': [ '2.9.2' ],
132 silly audit   'client-only': [ '0.0.1' ],
132 silly audit   clone: [ '1.0.4' ],
132 silly audit   cmdk: [ '1.0.0' ],
132 silly audit   'react-remove-scroll': [ '2.5.5', '2.6.0' ],
132 silly audit   'code-block-writer': [ '12.0.0' ],
132 silly audit   'color-convert': [ '2.0.1' ],
132 silly audit   'color-name': [ '1.1.4' ],
132 silly audit   'combined-stream': [ '1.0.8' ],
132 silly audit   commander: [ '4.1.1', '10.0.1' ],
132 silly audit   'concat-map': [ '0.0.1' ],
132 silly audit   'convert-source-map': [ '2.0.0' ],
132 silly audit   cookie: [ '0.7.2' ],
132 silly audit   cosmiconfig: [ '8.3.6' ],
132 silly audit   crypt: [ '0.0.2' ],
132 silly audit   cssesc: [ '3.0.0' ],
132 silly audit   csstype: [ '3.1.3' ],
132 silly audit   'd3-array': [ '3.2.4' ],
132 silly audit   'd3-color': [ '3.1.0' ],
132 silly audit   'd3-ease': [ '3.0.1' ],
132 silly audit   'd3-format': [ '3.1.0' ],
132 silly audit   'd3-interpolate': [ '3.0.1' ],
132 silly audit   'd3-path': [ '3.1.0' ],
132 silly audit   'd3-scale': [ '4.0.2' ],
132 silly audit   'd3-shape': [ '3.2.0' ],
132 silly audit   'd3-time': [ '3.1.0' ],
132 silly audit   'd3-time-format': [ '4.1.0' ],
132 silly audit   'd3-timer': [ '3.0.1' ],
132 silly audit   'damerau-levenshtein': [ '1.0.8' ],
132 silly audit   'data-uri-to-buffer': [ '4.0.1' ],
132 silly audit   'data-view-buffer': [ '1.0.1' ],
132 silly audit   'data-view-byte-length': [ '1.0.1' ],
132 silly audit   'data-view-byte-offset': [ '1.0.0' ],
132 silly audit   'date-fns': [ '3.6.0' ],
132 silly audit   dayjs: [ '1.11.13' ],
132 silly audit   debug: [ '4.3.7', '3.2.7' ],
132 silly audit   'decimal.js-light': [ '2.5.1' ],
132 silly audit   'deep-equal': [ '2.2.3' ],
132 silly audit   'deep-is': [ '0.1.4' ],
132 silly audit   defaults: [ '1.0.4' ],
132 silly audit   'define-data-property': [ '1.1.4' ],
132 silly audit   'define-properties': [ '1.2.1' ],
132 silly audit   'delayed-stream': [ '1.0.0' ],
132 silly audit   'detect-node-es': [ '1.1.0' ],
132 silly audit   didyoumean: [ '1.2.2' ],
132 silly audit   diff: [ '5.2.0' ],
132 silly audit   'dir-glob': [ '3.0.1' ],
132 silly audit   dlv: [ '1.1.3' ],
132 silly audit   doctrine: [ '3.0.0', '2.1.0' ],
132 silly audit   'dom-helpers': [ '5.2.1' ],
132 silly audit   eastasianwidth: [ '0.2.0' ],
132 silly audit   'ecdsa-sig-formatter': [ '1.0.11' ],
132 silly audit   'electron-to-chromium': [ '1.5.34' ],
132 silly audit   'embla-carousel': [ '8.3.0' ],
132 silly audit   'embla-carousel-react': [ '8.3.0' ],
132 silly audit   'embla-carousel-reactive-utils': [ '8.3.0' ],
132 silly audit   'emoji-regex': [ '9.2.2', '8.0.0' ],
132 silly audit   'enhanced-resolve': [ '5.17.1' ],
132 silly audit   'error-ex': [ '1.3.2' ],
132 silly audit   'es-abstract': [ '1.23.3' ],
132 silly audit   'es-define-property': [ '1.0.0' ],
132 silly audit   'es-errors': [ '1.3.0' ],
132 silly audit   'es-get-iterator': [ '1.1.3' ],
132 silly audit   'es-iterator-helpers': [ '1.1.0' ],
132 silly audit   'es-object-atoms': [ '1.0.0' ],
132 silly audit   'es-set-tostringtag': [ '2.0.3' ],
132 silly audit   'es-shim-unscopables': [ '1.0.2' ],
132 silly audit   'es-to-primitive': [ '1.2.1' ],
132 silly audit   escalade: [ '3.2.0' ],
132 silly audit   'escape-string-regexp': [ '4.0.0' ],
132 silly audit   eslint: [ '8.49.0' ],
132 silly audit   'eslint-config-next': [ '13.5.1' ],
132 silly audit   'eslint-import-resolver-typescript': [ '3.6.3' ],
132 silly audit   'eslint-import-resolver-node': [ '0.3.9' ],
132 silly audit   'eslint-module-utils': [ '2.12.0' ],
132 silly audit   'eslint-plugin-import': [ '2.31.0' ],
132 silly audit   'eslint-plugin-jsx-a11y': [ '6.10.0' ],
132 silly audit   'eslint-plugin-react': [ '7.37.1' ],
132 silly audit   'eslint-plugin-react-hooks': [ '4.6.2' ],
132 silly audit   resolve: [ '2.0.0-next.5', '1.22.8' ],
132 silly audit   'eslint-scope': [ '7.2.2' ],
132 silly audit   'eslint-visitor-keys': [ '3.4.3' ],
132 silly audit   espree: [ '9.6.1' ],
132 silly audit   esprima: [ '4.0.1' ],
132 silly audit   esquery: [ '1.6.0' ],
132 silly audit   esrecurse: [ '4.3.0' ],
132 silly audit   estraverse: [ '5.3.0' ],
132 silly audit   esutils: [ '2.0.3' ],
132 silly audit   eventemitter3: [ '4.0.7' ],
132 silly audit   events: [ '3.3.0' ],
132 silly audit   execa: [ '7.2.0' ],
132 silly audit   'signal-exit': [ '3.0.7', '4.1.0' ],
132 silly audit   'fast-deep-equal': [ '3.1.3' ],
132 silly audit   'fast-equals': [ '5.0.1' ],
132 silly audit   'fast-glob': [ '3.3.2' ],
132 silly audit   'fast-json-stable-stringify': [ '2.1.0' ],
132 silly audit   'fast-levenshtein': [ '2.0.6' ],
132 silly audit   fastq: [ '1.17.1' ],
132 silly audit   'fetch-blob': [ '3.2.0' ],
132 silly audit   'file-entry-cache': [ '6.0.1' ],
132 silly audit   'fill-range': [ '7.1.1' ],
132 silly audit   'find-up': [ '5.0.0' ],
132 silly audit   'flat-cache': [ '3.2.0' ],
132 silly audit   flatted: [ '3.3.1' ],
132 silly audit   'follow-redirects': [ '1.15.9' ],
132 silly audit   'for-each': [ '0.3.3' ],
132 silly audit   'foreground-child': [ '3.3.0' ],
132 silly audit   'form-data': [ '4.0.1' ],
132 silly audit   'formdata-polyfill': [ '4.0.10' ],
132 silly audit   'fraction.js': [ '4.3.7' ],
132 silly audit   'fs-extra': [ '11.2.0' ],
132 silly audit   'fs.realpath': [ '1.0.0' ],
132 silly audit   fsevents: [ '2.3.3' ],
132 silly audit   'function-bind': [ '1.1.2' ],
132 silly audit   'function.prototype.name': [ '1.1.6' ],
132 silly audit   'functions-have-names': [ '1.2.3' ],
132 silly audit   gensync: [ '1.0.0-beta.2' ],
132 silly audit   'get-intrinsic': [ '1.2.4' ],
132 silly audit   'get-nonce': [ '1.0.1' ],
132 silly audit   'get-stream': [ '6.0.1' ],
132 silly audit   'get-symbol-description': [ '1.0.2' ],
132 silly audit   'get-tsconfig': [ '4.8.1' ],
132 silly audit   glob: [ '7.1.7', '10.4.5' ],
132 silly audit   'glob-to-regexp': [ '0.4.1' ],
132 silly audit   globalthis: [ '1.0.4' ],
132 silly audit   globby: [ '11.1.0' ],
132 silly audit   gopd: [ '1.0.1' ],
132 silly audit   'graceful-fs': [ '4.2.11' ],
132 silly audit   graphemer: [ '1.4.0' ],
132 silly audit   'has-bigints': [ '1.0.2' ],
132 silly audit   'has-flag': [ '4.0.0' ],
132 silly audit   'has-property-descriptors': [ '1.0.2' ],
132 silly audit   'has-proto': [ '1.0.3' ],
132 silly audit   'has-symbols': [ '1.0.3' ],
132 silly audit   'has-tostringtag': [ '1.0.2' ],
132 silly audit   hasown: [ '2.0.2' ],
132 silly audit   'https-proxy-agent': [ '6.2.1', '5.0.1' ],
132 silly audit   'human-signals': [ '4.3.1' ],
132 silly audit   ieee754: [ '1.2.1' ],
132 silly audit   ignore: [ '5.3.2' ],
132 silly audit   'import-fresh': [ '3.3.0' ],
132 silly audit   imurmurhash: [ '0.1.4' ],
132 silly audit   inflight: [ '1.0.6' ],
132 silly audit   inherits: [ '2.0.4' ],
132 silly audit   'input-otp': [ '1.2.4' ],
132 silly audit   'internal-slot': [ '1.0.7' ],
132 silly audit   internmap: [ '2.0.3' ],
132 silly audit   invariant: [ '2.2.4' ],
132 silly audit   'is-arguments': [ '1.1.1' ],
132 silly audit   'is-array-buffer': [ '3.0.4' ],
132 silly audit   'is-arrayish': [ '0.2.1' ],
132 silly audit   'is-async-function': [ '2.0.0' ],
132 silly audit   'is-bigint': [ '1.0.4' ],
132 silly audit   'is-binary-path': [ '2.1.0' ],
132 silly audit   'is-boolean-object': [ '1.1.2' ],
132 silly audit   'is-buffer': [ '1.1.6' ],
132 silly audit   'is-bun-module': [ '1.2.1' ],
132 silly audit   'is-callable': [ '1.2.7' ],
132 silly audit   'is-core-module': [ '2.15.1' ],
132 silly audit   'is-data-view': [ '1.0.1' ],
132 silly audit   'is-date-object': [ '1.0.5' ],
132 silly audit   'is-extglob': [ '2.1.1' ],
132 silly audit   'is-finalizationregistry': [ '1.0.2' ],
132 silly audit   'is-fullwidth-code-point': [ '3.0.0' ],
132 silly audit   'is-generator-function': [ '1.0.10' ],
132 silly audit   'is-glob': [ '4.0.3' ],
132 silly audit   'is-interactive': [ '2.0.0' ],
132 silly audit   'is-map': [ '2.0.3' ],
132 silly audit   'is-negative-zero': [ '2.0.3' ],
132 silly audit   'is-number': [ '7.0.0' ],
132 silly audit   'is-number-object': [ '1.0.7' ],
132 silly audit   'is-path-inside': [ '3.0.3' ],
132 silly audit   'is-regex': [ '1.1.4' ],
132 silly audit   'is-set': [ '2.0.3' ],
132 silly audit   'is-shared-array-buffer': [ '1.0.3' ],
132 silly audit   'is-stream': [ '3.0.0' ],
132 silly audit   'is-string': [ '1.0.7' ],
132 silly audit   'is-symbol': [ '1.0.4' ],
132 silly audit   'is-typed-array': [ '1.1.13' ],
132 silly audit   'is-unicode-supported': [ '1.3.0' ],
132 silly audit   'is-weakmap': [ '2.0.2' ],
132 silly audit   'is-weakref': [ '1.0.2' ],
132 silly audit   'is-weakset': [ '2.0.3' ],
132 silly audit   isarray: [ '2.0.5' ],
132 silly audit   isexe: [ '2.0.0' ],
132 silly audit   'iterator.prototype': [ '1.1.3' ],
132 silly audit   jackspeak: [ '3.4.3' ],
132 silly audit   jiti: [ '1.21.6' ],
132 silly audit   jose: [ '4.15.9' ],
132 silly audit   'js-tokens': [ '4.0.0' ],
132 silly audit   'js-yaml': [ '4.1.0' ],
132 silly audit   jsesc: [ '3.0.2' ],
132 silly audit   'json-buffer': [ '3.0.1' ],
132 silly audit   'json-parse-even-better-errors': [ '2.3.1' ],
132 silly audit   'json-schema-traverse': [ '0.4.1' ],
132 silly audit   'json-stable-stringify-without-jsonify': [ '1.0.1' ],
132 silly audit   jsonfile: [ '6.1.0' ],
132 silly audit   jsonwebtoken: [ '9.0.2' ],
132 silly audit   'jsx-ast-utils': [ '3.3.5' ],
132 silly audit   jwa: [ '1.4.1' ],
132 silly audit   jws: [ '3.2.2' ],
132 silly audit   keyv: [ '4.5.4' ],
132 silly audit   kleur: [ '3.0.3' ],
132 silly audit   'language-subtag-registry': [ '0.3.23' ],
132 silly audit   'language-tags': [ '1.0.9' ],
132 silly audit   levn: [ '0.4.1' ],
132 silly audit   lilconfig: [ '2.1.0', '3.1.2' ],
132 silly audit   'lines-and-columns': [ '1.2.4' ],
132 silly audit   'locate-path': [ '6.0.0' ],
132 silly audit   lodash: [ '4.17.21' ],
132 silly audit   'lodash.includes': [ '4.3.0' ],
132 silly audit   'lodash.isboolean': [ '3.0.3' ],
132 silly audit   'lodash.isinteger': [ '4.0.4' ],
132 silly audit   'lodash.isnumber': [ '3.0.3' ],
132 silly audit   'lodash.isplainobject': [ '4.0.6' ],
132 silly audit   'lodash.isstring': [ '4.0.1' ],
132 silly audit   'lodash.merge': [ '4.6.2' ],
132 silly audit   'lodash.once': [ '4.1.1' ],
132 silly audit   'log-symbols': [ '5.1.0' ],
132 silly audit   loglevel: [ '1.6.7' ],
132 silly audit   'loose-envify': [ '1.4.0' ],
132 silly audit   'lucide-react': [ '0.446.0' ],
132 silly audit   md5: [ '2.3.0' ],
132 silly audit   'merge-stream': [ '2.0.0' ],
132 silly audit   merge2: [ '1.4.1' ],
132 silly audit   micromatch: [ '4.0.8' ],
132 silly audit   'mime-db': [ '1.52.0' ],
132 silly audit   'mime-types': [ '2.1.35' ],
132 silly audit   'mimic-fn': [ '4.0.0', '2.1.0' ],
132 silly audit   minimist: [ '1.2.8' ],
132 silly audit   minipass: [ '7.1.2' ],
132 silly audit   mkdirp: [ '2.1.6' ],
132 silly audit   ms: [ '2.1.3' ],
132 silly audit   mz: [ '2.7.0' ],
132 silly audit   'natural-compare': [ '1.4.0' ],
132 silly audit   'next-auth': [ '4.24.11' ],
132 silly audit   'next-themes': [ '0.3.0' ],
132 silly audit   postcss: [ '8.4.30', '8.4.31' ],
132 silly audit   zod: [ '3.23.8' ],
132 silly audit   'node-domexception': [ '1.0.0' ],
132 silly audit   'node-fetch': [ '3.3.2' ],
132 silly audit   'node-releases': [ '2.0.18' ],
132 silly audit   'normalize-path': [ '3.0.0' ],
132 silly audit   'normalize-range': [ '0.1.2' ],
132 silly audit   'npm-run-path': [ '5.3.0' ],
132 silly audit   'path-key': [ '4.0.0', '3.1.1' ],
132 silly audit   oauth: [ '0.9.15' ],
132 silly audit   'object-assign': [ '4.1.1' ],
132 silly audit   'object-hash': [ '3.0.0', '2.2.0' ],
132 silly audit   'object-inspect': [ '1.13.2' ],
132 silly audit   'object-is': [ '1.1.6' ],
132 silly audit   'object-keys': [ '1.1.1' ],
132 silly audit   'object.assign': [ '4.1.5' ],
132 silly audit   'object.entries': [ '1.1.8' ],
132 silly audit   'object.fromentries': [ '2.0.8' ],
132 silly audit   'object.groupby': [ '1.0.3' ],
132 silly audit   'object.values': [ '1.2.0' ],
132 silly audit   'oidc-token-hash': [ '5.0.3' ],
132 silly audit   once: [ '1.4.0' ],
132 silly audit   onetime: [ '6.0.0', '5.1.2' ],
132 silly audit   'openid-client': [ '5.7.1' ],
132 silly audit   yallist: [ '4.0.0', '3.1.1' ],
132 silly audit   optionator: [ '0.9.4' ],
132 silly audit   ora: [ '6.3.1' ],
132 silly audit   'p-limit': [ '3.1.0' ],
132 silly audit   'p-locate': [ '5.0.0' ],
132 silly audit   'package-json-from-dist': [ '1.0.1' ],
132 silly audit   'parent-module': [ '1.0.1' ],
132 silly audit   'parse-json': [ '5.2.0' ],
132 silly audit   'path-browserify': [ '1.0.1' ],
132 silly audit   'path-exists': [ '4.0.0' ],
132 silly audit   'path-is-absolute': [ '1.0.1' ],
132 silly audit   'path-parse': [ '1.0.7' ],
132 silly audit   'path-scurry': [ '1.11.1' ],
132 silly audit   'path-type': [ '4.0.0' ],
132 silly audit   picocolors: [ '1.1.0' ],
132 silly audit   picomatch: [ '2.3.1' ],
132 silly audit   pify: [ '2.3.0' ],
132 silly audit   pirates: [ '4.0.6' ],
132 silly audit   'possible-typed-array-names': [ '1.0.0' ],
132 silly audit   'postcss-import': [ '15.1.0' ],
132 silly audit   'postcss-js': [ '4.0.1' ],
132 silly audit   'postcss-load-config': [ '4.0.2' ],
132 silly audit   'postcss-nested': [ '6.2.0' ],
132 silly audit   'postcss-selector-parser': [ '6.1.2' ],
132 silly audit   'postcss-value-parser': [ '4.2.0' ],
132 silly audit   preact: [ '10.25.1' ],
132 silly audit   'preact-render-to-string': [ '5.2.6' ],
132 silly audit   'prelude-ls': [ '1.2.1' ],
132 silly audit   'pretty-format': [ '3.8.0' ],
132 silly audit   prisma: [ '5.22.0' ],
132 silly audit   prompts: [ '2.4.2' ],
132 silly audit   'prop-types': [ '15.8.1' ],
132 silly audit   'proxy-from-env': [ '1.1.0' ],
132 silly audit   punycode: [ '2.3.1' ],
132 silly audit   qs: [ '6.13.1' ],
132 silly audit   querystringify: [ '2.2.0' ],
132 silly audit   'queue-microtask': [ '1.2.3' ],
132 silly audit   react: [ '18.2.0' ],
132 silly audit   'react-dom': [ '18.2.0' ],
132 silly audit   'react-hook-form': [ '7.53.0' ],
132 silly audit   'react-is': [ '16.13.1' ],
132 silly audit   'react-remove-scroll-bar': [ '2.3.6' ],
132 silly audit   'react-smooth': [ '4.0.1' ],
132 silly audit   'react-style-singleton': [ '2.2.1' ],
132 silly audit   'react-transition-group': [ '4.4.5' ],
132 silly audit   'read-cache': [ '1.0.0' ],
132 silly audit   'readable-stream': [ '3.6.2' ],
132 silly audit   readdirp: [ '3.6.0' ],
132 silly audit   recast: [ '0.23.9' ],
132 silly audit   recharts: [ '2.12.7' ],
132 silly audit   'recharts-scale': [ '0.4.5' ],
132 silly audit   'reflect.getprototypeof': [ '1.0.6' ],
132 silly audit   'regenerator-runtime': [ '0.14.1' ],
132 silly audit   'regexp.prototype.flags': [ '1.5.3' ],
132 silly audit   'requires-port': [ '1.0.0' ],
132 silly audit   'resolve-from': [ '4.0.0' ],
132 silly audit   'resolve-pkg-maps': [ '1.0.0' ],
132 silly audit   'restore-cursor': [ '4.0.0' ],
132 silly audit   reusify: [ '1.0.4' ],
132 silly audit   rimraf: [ '3.0.2' ],
132 silly audit   'rtcpeerconnection-shim': [ '1.2.8' ],
132 silly audit   'run-parallel': [ '1.2.0' ],
132 silly audit   'safe-array-concat': [ '1.1.2' ],
132 silly audit   'safe-buffer': [ '5.2.1' ],
132 silly audit   'safe-regex-test': [ '1.0.3' ],
132 silly audit   scheduler: [ '0.23.2' ],
132 silly audit   scmp: [ '2.1.0' ],
132 silly audit   sdp: [ '2.12.0' ],
132 silly audit   'set-function-length': [ '1.2.2' ],
132 silly audit   'set-function-name': [ '2.0.2' ],
132 silly audit   'shadcn-ui': [ '0.9.4' ],
132 silly audit   'tsconfig-paths': [ '4.2.0', '3.15.0' ],
132 silly audit   'shebang-command': [ '2.0.0' ],
132 silly audit   'shebang-regex': [ '3.0.0' ],
132 silly audit   'side-channel': [ '1.0.6' ],
132 silly audit   sisteransi: [ '1.0.5' ],
132 silly audit   slash: [ '3.0.0' ],
132 silly audit   sonner: [ '1.5.0' ],
132 silly audit   'source-map': [ '0.6.1' ],
132 silly audit   'source-map-js': [ '1.2.1' ],
132 silly audit   'stdin-discarder': [ '0.1.0' ],
132 silly audit   'stop-iteration-iterator': [ '1.0.0' ],
132 silly audit   streamsearch: [ '1.1.0' ],
132 silly audit   string_decoder: [ '1.3.0' ],
132 silly audit   'string-width': [ '5.1.2', '4.2.3' ],
132 silly audit   'string.prototype.includes': [ '2.0.0' ],
132 silly audit   'string.prototype.matchall': [ '4.0.11' ],
132 silly audit   'string.prototype.repeat': [ '1.0.0' ],
132 silly audit   'string.prototype.trim': [ '1.2.9' ],
132 silly audit   'string.prototype.trimend': [ '1.0.8' ],
132 silly audit   'string.prototype.trimstart': [ '1.0.8' ],
132 silly audit   'strip-bom': [ '3.0.0' ],
132 silly audit   'strip-final-newline': [ '3.0.0' ],
132 silly audit   'strip-json-comments': [ '3.1.1' ],
132 silly audit   'styled-jsx': [ '5.1.1' ],
132 silly audit   sucrase: [ '3.35.0' ],
132 silly audit   'supports-color': [ '7.2.0' ],
132 silly audit   'supports-preserve-symlinks-flag': [ '1.0.0' ],
132 silly audit   'tailwind-merge': [ '2.5.3' ],
132 silly audit   tailwindcss: [ '3.3.3' ],
132 silly audit   'tailwindcss-animate': [ '1.0.7' ],
132 silly audit   tapable: [ '2.2.1' ],
132 silly audit   'text-table': [ '0.2.0' ],
132 silly audit   thenify: [ '3.3.1' ],
132 silly audit   'thenify-all': [ '1.6.0' ],
132 silly audit   'tiny-invariant': [ '1.3.3' ],
132 silly audit   'to-regex-range': [ '5.0.1' ],
132 silly audit   'ts-api-utils': [ '1.3.0' ],
132 silly audit   'ts-interface-checker': [ '0.1.13' ],
132 silly audit   'ts-morph': [ '18.0.0' ],
132 silly audit   tslib: [ '2.7.0' ],
132 silly audit   twilio: [ '4.23.0' ],
132 silly audit   'type-check': [ '0.4.0' ],
132 silly audit   'type-fest': [ '0.20.2' ],
132 silly audit   'typed-array-buffer': [ '1.0.2' ],
132 silly audit   'typed-array-byte-length': [ '1.0.1' ],
132 silly audit   'typed-array-byte-offset': [ '1.0.2' ],
132 silly audit   'typed-array-length': [ '1.0.6' ],
132 silly audit   typescript: [ '5.2.2' ],
132 silly audit   'unbox-primitive': [ '1.0.2' ],
132 silly audit   universalify: [ '2.0.1' ],
132 silly audit   'update-browserslist-db': [ '1.1.1' ],
132 silly audit   'uri-js': [ '4.4.1' ],
132 silly audit   'url-parse': [ '1.5.10' ],
132 silly audit   'use-callback-ref': [ '1.3.2' ],
132 silly audit   'use-sidecar': [ '1.1.2' ],
132 silly audit   'util-deprecate': [ '1.0.2' ],
132 silly audit   uuid: [ '8.3.2' ],
132 silly audit   'victory-vendor': [ '36.9.2' ],
132 silly audit   watchpack: [ '2.4.0' ],
132 silly audit   wcwidth: [ '1.0.1' ],
132 silly audit   'web-streams-polyfill': [ '3.3.3' ],
132 silly audit   which: [ '2.0.2' ],
132 silly audit   'which-boxed-primitive': [ '1.0.2' ],
132 silly audit   'which-builtin-type': [ '1.1.4' ],
132 silly audit   'which-collection': [ '1.0.2' ],
132 silly audit   'which-typed-array': [ '1.1.15' ],
132 silly audit   'word-wrap': [ '1.2.5' ],
132 silly audit   'wrap-ansi': [ '8.1.0', '7.0.0' ],
132 silly audit   wrappy: [ '1.0.2' ],
132 silly audit   xmlbuilder: [ '13.0.2' ],
132 silly audit   yaml: [ '2.5.1' ],
132 silly audit   'yocto-queue': [ '0.1.0' ],
132 silly audit   next: [ '13.5.7' ],
132 silly audit   'cross-spawn': [ '7.0.6' ],
132 silly audit   '@next/env': [ '13.5.7' ],
132 silly audit   '@next/swc-darwin-arm64': [ '13.5.7' ],
132 silly audit   '@next/swc-darwin-x64': [ '13.5.7' ],
132 silly audit   '@next/swc-linux-arm64-gnu': [ '13.5.7' ],
132 silly audit   '@next/swc-linux-arm64-musl': [ '13.5.7' ],
132 silly audit   '@next/swc-linux-x64-gnu': [ '13.5.7' ],
132 silly audit   '@next/swc-linux-x64-musl': [ '13.5.7' ],
132 silly audit   '@next/swc-win32-arm64-msvc': [ '13.5.7' ],
132 silly audit   '@next/swc-win32-ia32-msvc': [ '13.5.7' ],
132 silly audit   '@next/swc-win32-x64-msvc': [ '13.5.7' ],
132 silly audit   nanoid: [ '3.3.8' ]
132 silly audit }
133 verbose reify failed optional dependency /home/gevalinho/gevalinho/heartland_alliance_project/node_modules/@next/swc-win32-x64-msvc
134 silly reify mark deleted [
134 silly reify   '/home/gevalinho/gevalinho/heartland_alliance_project/node_modules/@next/swc-win32-x64-msvc'
134 silly reify ]
135 verbose reify failed optional dependency /home/gevalinho/gevalinho/heartland_alliance_project/node_modules/@next/swc-win32-ia32-msvc
136 silly reify mark deleted [
136 silly reify   '/home/gevalinho/gevalinho/heartland_alliance_project/node_modules/@next/swc-win32-ia32-msvc'
136 silly reify ]
137 verbose reify failed optional dependency /home/gevalinho/gevalinho/heartland_alliance_project/node_modules/@next/swc-win32-arm64-msvc
138 silly reify mark deleted [
138 silly reify   '/home/gevalinho/gevalinho/heartland_alliance_project/node_modules/@next/swc-win32-arm64-msvc'
138 silly reify ]
139 verbose reify failed optional dependency /home/gevalinho/gevalinho/heartland_alliance_project/node_modules/@next/swc-linux-arm64-musl
140 silly reify mark deleted [
140 silly reify   '/home/gevalinho/gevalinho/heartland_alliance_project/node_modules/@next/swc-linux-arm64-musl'
140 silly reify ]
141 verbose reify failed optional dependency /home/gevalinho/gevalinho/heartland_alliance_project/node_modules/@next/swc-linux-arm64-gnu
142 silly reify mark deleted [
142 silly reify   '/home/gevalinho/gevalinho/heartland_alliance_project/node_modules/@next/swc-linux-arm64-gnu'
142 silly reify ]
143 verbose reify failed optional dependency /home/gevalinho/gevalinho/heartland_alliance_project/node_modules/@next/swc-darwin-x64
144 silly reify mark deleted [
144 silly reify   '/home/gevalinho/gevalinho/heartland_alliance_project/node_modules/@next/swc-darwin-x64'
144 silly reify ]
145 verbose reify failed optional dependency /home/gevalinho/gevalinho/heartland_alliance_project/node_modules/@next/swc-darwin-arm64
146 silly reify mark deleted [
146 silly reify   '/home/gevalinho/gevalinho/heartland_alliance_project/node_modules/@next/swc-darwin-arm64'
146 silly reify ]
147 verbose reify failed optional dependency /home/gevalinho/gevalinho/heartland_alliance_project/node_modules/fsevents
148 silly reify mark deleted [
148 silly reify   '/home/gevalinho/gevalinho/heartland_alliance_project/node_modules/fsevents'
148 silly reify ]
149 verbose reify failed optional dependency /home/gevalinho/gevalinho/heartland_alliance_project/node_modules/@next/swc-linux-x64-musl
150 silly reify mark deleted [
150 silly reify   '/home/gevalinho/gevalinho/heartland_alliance_project/node_modules/@next/swc-linux-x64-musl'
150 silly reify ]
151 http cache @next/swc-linux-x64-gnu@https://registry.npmjs.org/@next/swc-linux-x64-gnu/-/swc-linux-x64-gnu-13.5.7.tgz 0ms (cache hit)
152 http cache @next/env@https://registry.npmjs.org/@next/env/-/env-13.5.7.tgz 0ms (cache hit)
153 http cache shadcn-ui@https://registry.npmjs.org/shadcn-ui/-/shadcn-ui-0.9.4.tgz 0ms (cache hit)
154 http cache next@https://registry.npmjs.org/next/-/next-13.5.7.tgz 0ms (cache hit)
155 http cache postcss@https://registry.npmjs.org/postcss/-/postcss-8.4.31.tgz 0ms (cache hit)
156 http cache nanoid@https://registry.npmjs.org/nanoid/-/nanoid-3.3.8.tgz 0ms (cache hit)
157 http cache cross-spawn@https://registry.npmjs.org/cross-spawn/-/cross-spawn-7.0.6.tgz 0ms (cache hit)
158 silly tarball no local data for @next/swc-linux-x64-gnu@https://registry.npmjs.org/@next/swc-linux-x64-gnu/-/swc-linux-x64-gnu-13.5.7.tgz. Extracting by manifest.
159 silly tarball no local data for next@https://registry.npmjs.org/next/-/next-13.5.7.tgz. Extracting by manifest.
160 http fetch POST 200 https://registry.npmjs.org/-/npm/v1/security/advisories/bulk 2023ms
161 silly audit report {
161 silly audit report   postcss: [
161 silly audit report     {
161 silly audit report       id: 1094544,
161 silly audit report       url: 'https://github.com/advisories/GHSA-7fh5-64p2-3v2j',
161 silly audit report       title: 'PostCSS line return parsing error',
161 silly audit report       severity: 'moderate',
161 silly audit report       vulnerable_versions: '<8.4.31',
161 silly audit report       cwe: [Array],
161 silly audit report       cvss: [Object]
161 silly audit report     }
161 silly audit report   ],
161 silly audit report   next: [
161 silly audit report     {
161 silly audit report       id: 1100421,
161 silly audit report       url: 'https://github.com/advisories/GHSA-g77x-44xx-532m',
161 silly audit report       title: 'Denial of Service condition in Next.js image optimization',
161 silly audit report       severity: 'moderate',
161 silly audit report       vulnerable_versions: '>=10.0.0 <14.2.7',
161 silly audit report       cwe: [Array],
161 silly audit report       cvss: [Object]
161 silly audit report     },
161 silly audit report     {
161 silly audit report       id: 1097295,
161 silly audit report       url: 'https://github.com/advisories/GHSA-fr5h-rqp8-mj6g',
161 silly audit report       title: 'Next.js Server-Side Request Forgery in Server Actions',
161 silly audit report       severity: 'high',
161 silly audit report       vulnerable_versions: '>=13.4.0 <14.1.1',
161 silly audit report       cwe: [Array],
161 silly audit report       cvss: [Object]
161 silly audit report     }
161 silly audit report   ]
161 silly audit report }
162 silly packumentCache corgi:https://registry.npmjs.org/postcss cache-hit
163 silly packumentCache corgi:https://registry.npmjs.org/next cache-miss
164 http cache https://registry.npmjs.org/next 41ms (cache hit)
165 silly packumentCache corgi:https://registry.npmjs.org/next set size:18039765 disposed:false
166 silly packumentCache corgi:https://registry.npmjs.org/tailwindcss cache-miss
167 http cache https://registry.npmjs.org/tailwindcss 18ms (cache hit)
168 silly packumentCache corgi:https://registry.npmjs.org/tailwindcss set size:3982128 disposed:false
169 http fetch GET 200 https://registry.npmjs.org/next/-/next-13.5.7.tgz 53167ms (cache miss)
170 http fetch GET 200 https://registry.npmjs.org/@next/swc-linux-x64-gnu/-/swc-linux-x64-gnu-13.5.7.tgz 106453ms (cache miss)
171 silly ADD
172 silly ADD
173 silly ADD
174 silly ADD
175 silly ADD
176 silly ADD
177 silly ADD
178 silly ADD
179 silly CHANGE node_modules/@next/swc-linux-x64-musl
180 silly CHANGE node_modules/@next/swc-linux-x64-gnu
181 silly CHANGE node_modules/@next/env
182 silly CHANGE node_modules/shadcn-ui
183 silly CHANGE node_modules/next
184 silly REMOVE node_modules/next/node_modules/zod
185 silly CHANGE node_modules/next/node_modules/postcss
186 silly CHANGE node_modules/nanoid
187 silly CHANGE node_modules/cross-spawn
188 verbose cwd /home/gevalinho/gevalinho/heartland_alliance_project
189 verbose os Linux 5.15.167.4-microsoft-standard-WSL2
190 verbose node v21.7.1
191 verbose npm  v10.9.2
192 verbose exit 1
193 verbose code 1
